This file contains any messages produced by compilers while
running configure, to aid debugging if configure makes a mistake.

It was created by w3m configure 0.5.2, which was
generated by GNU Autoconf 2.61.  Invocation command line was

  $ ./configure 

## --------- ##
## Platform. ##
## --------- ##

hostname = david-knights-macbook-pro.local
uname -m = i386
uname -r = 9.6.0
uname -s = Darwin
uname -v = Darwin Kernel Version 9.6.0: Mon Nov 24 17:37:00 PST 2008; root:xnu-1228.9.59~1/RELEASE_I386

/usr/bin/uname -p = i386
/bin/uname -X     = unknown

/bin/arch              = unknown
/usr/bin/arch -k       = unknown
/usr/convex/getsysinfo = unknown
/usr/bin/hostinfo      = Mach kernel version:
	 Darwin Kernel Version 9.6.0: Mon Nov 24 17:37:00 PST 2008; root:xnu-1228.9.59~1/RELEASE_I386
Kernel configured for up to 2 processors.
2 processors are physically available.
2 processors are logically available.
Processor type: i486 (Intel 80486)
Processors active: 0 1
Primary memory available: 4.00 gigabytes
Default processor set: 80 tasks, 301 threads, 2 processors
Load average: 1.18, Mach factor: 1.20
/bin/machine           = unknown
/usr/bin/oslevel       = unknown
/bin/universe          = unknown

PATH: /opt/local/bin
PATH: /usr/bin
PATH: /bin
PATH: /usr/sbin
PATH: /sbin
PATH: /usr/local/bin
PATH: /usr/texbin
PATH: /usr/X11/bin
PATH: /usr/local/git/bin


## ----------- ##
## Core tests. ##
## ----------- ##

configure:1878: checking for gawk
configure:1908: result: no
configure:1878: checking for mawk
configure:1908: result: no
configure:1878: checking for nawk
configure:1908: result: no
configure:1878: checking for awk
configure:1894: found /usr/bin/awk
configure:1905: result: awk
configure:1964: checking for gcc
configure:1980: found /usr/bin/gcc
configure:1991: result: gcc
configure:2229: checking for C compiler version
configure:2236: gcc --version >&5
i686-apple-darwin9-gcc-4.0.1 (GCC) 4.0.1 (Apple Inc. build 5484)
Copyright (C) 2005 Free Software Foundation, Inc.
This is free software; see the source for copying conditions.  There is NO
warranty; not even for MERCHANTABILITY or FITNESS FOR A PARTICULAR PURPOSE.

configure:2239: $? = 0
configure:2246: gcc -v >&5
Using built-in specs.
Target: i686-apple-darwin9
Configured with: /var/tmp/gcc/gcc-5484~1/src/configure --disable-checking -enable-werror --prefix=/usr --mandir=/share/man --enable-languages=c,objc,c++,obj-c++ --program-transform-name=/^[cg][^.-]*$/s/$/-4.0/ --with-gxx-include-dir=/include/c++/4.0.0 --with-slibdir=/usr/lib --build=i686-apple-darwin9 --with-arch=apple --with-tune=generic --host=i686-apple-darwin9 --target=i686-apple-darwin9
Thread model: posix
gcc version 4.0.1 (Apple Inc. build 5484)
configure:2249: $? = 0
configure:2256: gcc -V >&5
gcc-4.0: argument to `-V' is missing
configure:2259: $? = 1
configure:2282: checking for C compiler default output file name
configure:2309: gcc    conftest.c  >&5
configure:2312: $? = 0
configure:2350: result: a.out
configure:2367: checking whether the C compiler works
configure:2377: ./a.out
configure:2380: $? = 0
configure:2397: result: yes
configure:2404: checking whether we are cross compiling
configure:2406: result: no
configure:2409: checking for suffix of executables
configure:2416: gcc -o conftest    conftest.c  >&5
configure:2419: $? = 0
configure:2443: result: 
configure:2449: checking for suffix of object files
configure:2475: gcc -c   conftest.c >&5
configure:2478: $? = 0
configure:2501: result: o
configure:2505: checking whether we are using the GNU C compiler
configure:2534: gcc -c   conftest.c >&5
configure:2540: $? = 0
configure:2557: result: yes
configure:2562: checking whether gcc accepts -g
configure:2592: gcc -c -g  conftest.c >&5
configure:2598: $? = 0
configure:2697: result: yes
configure:2714: checking for gcc option to accept ISO C89
configure:2788: gcc  -c -g -O2  conftest.c >&5
configure:2794: $? = 0
configure:2817: result: none needed
configure:2840: checking how to run the C preprocessor
configure:2880: gcc -E  conftest.c
configure:2886: $? = 0
configure:2917: gcc -E  conftest.c
conftest.c:11:28: error: ac_nonexistent.h: No such file or directory
configure:2923: $? = 1
configure: failed program was:
| /* confdefs.h.  */
| #define PACKAGE_NAME "w3m"
| #define PACKAGE_TARNAME "w3m"
| #define PACKAGE_VERSION "0.5.2"
| #define PACKAGE_STRING "w3m 0.5.2"
| #define PACKAGE_BUGREPORT "satodai@w3m.jp"
| #define PACKAGE "w3m"
| #define VERSION "0.5.2"
| #define W3M w3m
| /* end confdefs.h.  */
| #include <ac_nonexistent.h>
configure:2956: result: gcc -E
configure:2985: gcc -E  conftest.c
configure:2991: $? = 0
configure:3022: gcc -E  conftest.c
conftest.c:11:28: error: ac_nonexistent.h: No such file or directory
configure:3028: $? = 1
configure: failed program was:
| /* confdefs.h.  */
| #define PACKAGE_NAME "w3m"
| #define PACKAGE_TARNAME "w3m"
| #define PACKAGE_VERSION "0.5.2"
| #define PACKAGE_STRING "w3m 0.5.2"
| #define PACKAGE_BUGREPORT "satodai@w3m.jp"
| #define PACKAGE "w3m"
| #define VERSION "0.5.2"
| #define W3M w3m
| /* end confdefs.h.  */
| #include <ac_nonexistent.h>
configure:3109: checking for a BSD-compatible install
configure:3165: result: /usr/bin/install -c
configure:3176: checking whether ln -s works
configure:3180: result: yes
configure:3187: checking whether make sets $(MAKE)
configure:3208: result: yes
configure:3260: checking for ranlib
configure:3276: found /usr/bin/ranlib
configure:3287: result: ranlib
configure:3317: checking for perl
configure:3335: found /usr/bin/perl
configure:3347: result: /usr/bin/perl
configure:3363: checking for nkf
configure:3396: result: no
configure:3409: checking for man
configure:3427: found /usr/bin/man
configure:3439: result: /usr/bin/man
configure:3457: checking build system type
configure:3475: result: i686-apple-darwin9.6.0
configure:3497: checking host system type
configure:3512: result: i686-apple-darwin9.6.0
configure:3558: checking if m17n support is enabled
configure:3567: result: yes
configure:3587: checking if unicode support is enabled
configure:3596: result: yes
configure:3613: checking if message l10n
configure:3625: result: no
configure:3633: checking if japanese support is enabled
configure:3642: result: no
configure:3656: checking which charset is used for display
configure:3664: result: UTF-8
configure:3739: checking whether NLS is requested
configure:3748: result: yes
configure:3786: checking for msgfmt
configure:3817: result: /opt/local/bin/msgfmt
configure:3826: checking for gmsgfmt
configure:3857: result: /opt/local/bin/msgfmt
configure:3897: checking for xgettext
configure:3928: result: /opt/local/bin/xgettext
configure:3968: checking for msgmerge
configure:3998: result: /opt/local/bin/msgmerge
configure:4073: checking for ld used by GCC
configure:4137: result: /usr/libexec/gcc/i686-apple-darwin9/4.0.1/ld
configure:4146: checking if the linker (/usr/libexec/gcc/i686-apple-darwin9/4.0.1/ld) is GNU ld
configure:4159: result: no
configure:4165: checking for shared library run path origin
configure:4178: result: done
configure:4595: checking whether NLS is requested
configure:4604: result: yes
configure:4622: checking for GNU gettext in libc
configure:4651: gcc -o conftest -g -O2 -I$(srcdir)/libwc   conftest.c  >&5
conftest.c:20:21: error: libintl.h: No such file or directory
conftest.c: In function 'main':
conftest.c:27: warning: incompatible implicit declaration of built-in function 'gettext'
configure:4657: $? = 1
configure: failed program was:
| /* confdefs.h.  */
| #define PACKAGE_NAME "w3m"
| #define PACKAGE_TARNAME "w3m"
| #define PACKAGE_VERSION "0.5.2"
| #define PACKAGE_STRING "w3m 0.5.2"
| #define PACKAGE_BUGREPORT "satodai@w3m.jp"
| #define PACKAGE "w3m"
| #define VERSION "0.5.2"
| #define W3M w3m
| #define W3M_TARGET 
| #define USE_M17N 1
| #define USE_UNICODE 1
| #define W3M_LANG EN
| #define WCTARGET "libwc/libwc.a"
| #define WCCFLAGS "-DUSE_UNICODE -I$(srcdir) -I$(srcdir)/.."
| #define DISPLAY_CHARSET WC_CES_UTF_8
| #define SYSTEM_CHARSET WC_CES_UTF_8
| #define DOCUMENT_CHARSET WC_CES_UTF_8
| /* end confdefs.h.  */
| #include <libintl.h>
| extern int _nl_msg_cat_cntr;
| extern int *_nl_domain_bindings;
| int
| main ()
| {
| bindtextdomain ("", "");
| return (int) gettext ("") + _nl_msg_cat_cntr + *_nl_domain_bindings
|   ;
|   return 0;
| }
configure:4674: result: no
configure:4708: checking for iconv
configure:4740: gcc -o conftest -g -O2 -I$(srcdir)/libwc   conftest.c  >&5
Undefined symbols:
  "_iconv", referenced from:
      _main in ccdXZ7s1.o
  "_iconv_close", referenced from:
      _main in ccdXZ7s1.o
  "_iconv_open", referenced from:
      _main in ccdXZ7s1.o
ld: symbol(s) not found
collect2: ld returned 1 exit status
configure:4746: $? = 1
configure: failed program was:
| /* confdefs.h.  */
| #define PACKAGE_NAME "w3m"
| #define PACKAGE_TARNAME "w3m"
| #define PACKAGE_VERSION "0.5.2"
| #define PACKAGE_STRING "w3m 0.5.2"
| #define PACKAGE_BUGREPORT "satodai@w3m.jp"
| #define PACKAGE "w3m"
| #define VERSION "0.5.2"
| #define W3M w3m
| #define W3M_TARGET 
| #define USE_M17N 1
| #define USE_UNICODE 1
| #define W3M_LANG EN
| #define WCTARGET "libwc/libwc.a"
| #define WCCFLAGS "-DUSE_UNICODE -I$(srcdir) -I$(srcdir)/.."
| #define DISPLAY_CHARSET WC_CES_UTF_8
| #define SYSTEM_CHARSET WC_CES_UTF_8
| #define DOCUMENT_CHARSET WC_CES_UTF_8
| /* end confdefs.h.  */
| #include <stdlib.h>
| #include <iconv.h>
| int
| main ()
| {
| iconv_t cd = iconv_open("","");
|        iconv(cd,NULL,NULL,NULL,NULL);
|        iconv_close(cd);
|   ;
|   return 0;
| }
configure:4789: gcc -o conftest -g -O2 -I$(srcdir)/libwc   conftest.c  -liconv >&5
configure:4795: $? = 0
configure:4816: result: yes
configure:4826: checking how to link with libiconv
configure:4828: result: -liconv
configure:5217: checking for GNU gettext in libintl
configure:5254: gcc -o conftest -g -O2 -I$(srcdir)/libwc    conftest.c  -lintl >&5
conftest.c:21:21: error: libintl.h: No such file or directory
conftest.c: In function 'main':
conftest.c:32: warning: incompatible implicit declaration of built-in function 'gettext'
configure:5260: $? = 1
configure: failed program was:
| /* confdefs.h.  */
| #define PACKAGE_NAME "w3m"
| #define PACKAGE_TARNAME "w3m"
| #define PACKAGE_VERSION "0.5.2"
| #define PACKAGE_STRING "w3m 0.5.2"
| #define PACKAGE_BUGREPORT "satodai@w3m.jp"
| #define PACKAGE "w3m"
| #define VERSION "0.5.2"
| #define W3M w3m
| #define W3M_TARGET 
| #define USE_M17N 1
| #define USE_UNICODE 1
| #define W3M_LANG EN
| #define WCTARGET "libwc/libwc.a"
| #define WCCFLAGS "-DUSE_UNICODE -I$(srcdir) -I$(srcdir)/.."
| #define DISPLAY_CHARSET WC_CES_UTF_8
| #define SYSTEM_CHARSET WC_CES_UTF_8
| #define DOCUMENT_CHARSET WC_CES_UTF_8
| #define HAVE_ICONV 1
| /* end confdefs.h.  */
| #include <libintl.h>
| extern int _nl_msg_cat_cntr;
| extern
| #ifdef __cplusplus
| "C"
| #endif
| const char *_nl_expand_alias ();
| int
| main ()
| {
| bindtextdomain ("", "");
| return (int) gettext ("") + _nl_msg_cat_cntr + *_nl_expand_alias (0)
|   ;
|   return 0;
| }
configure:5306: gcc -o conftest -g -O2 -I$(srcdir)/libwc    conftest.c  -lintl -liconv >&5
conftest.c:21:21: error: libintl.h: No such file or directory
conftest.c: In function 'main':
conftest.c:32: warning: incompatible implicit declaration of built-in function 'gettext'
configure:5312: $? = 1
configure: failed program was:
| /* confdefs.h.  */
| #define PACKAGE_NAME "w3m"
| #define PACKAGE_TARNAME "w3m"
| #define PACKAGE_VERSION "0.5.2"
| #define PACKAGE_STRING "w3m 0.5.2"
| #define PACKAGE_BUGREPORT "satodai@w3m.jp"
| #define PACKAGE "w3m"
| #define VERSION "0.5.2"
| #define W3M w3m
| #define W3M_TARGET 
| #define USE_M17N 1
| #define USE_UNICODE 1
| #define W3M_LANG EN
| #define WCTARGET "libwc/libwc.a"
| #define WCCFLAGS "-DUSE_UNICODE -I$(srcdir) -I$(srcdir)/.."
| #define DISPLAY_CHARSET WC_CES_UTF_8
| #define SYSTEM_CHARSET WC_CES_UTF_8
| #define DOCUMENT_CHARSET WC_CES_UTF_8
| #define HAVE_ICONV 1
| /* end confdefs.h.  */
| #include <libintl.h>
| extern int _nl_msg_cat_cntr;
| extern
| #ifdef __cplusplus
| "C"
| #endif
| const char *_nl_expand_alias ();
| int
| main ()
| {
| bindtextdomain ("", "");
| return (int) gettext ("") + _nl_msg_cat_cntr + *_nl_expand_alias (0)
|   ;
|   return 0;
| }
configure:5335: result: no
configure:5364: checking whether to use NLS
configure:5366: result: no
configure:5451: checking if color escape sequence for kterm/pxvt is enabled
configure:5464: result: yes
configure:5467: checking if ansi color escape sequence support is enabled
configure:5480: result: yes
configure:5483: checking if background color support is enabled
configure:5496: result: yes
configure:5519: checking if image is enabled
configure:5528: result: yes
configure:5564: checking image library
configure:5577: result: gtk2 gdk-pixbuf imlib imlib2
configure:5627: WARNING: GdkPixbuf is not installed.  Install GdkPixbuf (version >= 2.0.0)
configure:5649: WARNING: GdkPixbuf is not installed.  Install GdkPixbuf (version >= 0.16.0)
configure:5671: WARNING: Imlib is not installed.  Install Imlib (version >= 1.9.8)
configure:5692: WARNING: Imlib2 is not installed.  Install Imlib2 (version >= 1.0.5)
configure:5756: WARNING: unable to build w3mimgdisplay with X11 support
configure:5838: checking if xface is enabled
configure:5851: result: yes
configure:5855: checking for uncompface
configure:5883: result: no
configure:5891: WARNING: uncompface is not installed.
configure:5897: checking default keymap
configure:5906: result: w3m
configure:5930: checking if popup menu is enabled
configure:5943: result: yes
configure:5946: checking if mouse operation enabled
configure:5959: result: yes
configure:5962: checking if URL history is enabled
configure:5975: result: yes
configure:5978: checking if alarm is enabled
configure:5987: result: yes
configure:6013: gcc -c -g -O2 -I$(srcdir)/libwc  conftest.c >&5
configure:6019: $? = 0
configure:6039: checking if cookie is enabled
configure:6052: result: yes
configure:6055: checking if nntp is enabled
configure:6068: result: yes
configure:6071: checking if gopher is enabled
configure:6084: result: no
configure:6088: checking if dictionary lookup is enabled
configure:6101: result: yes
configure:6104: checking if help cgi is enabled
configure:6117: result: yes
configure:6120: checking if external URI loader is enabled
configure:6133: result: yes
configure:6136: checking if w3mmail is used
configure:6150: result: yes
configure:6155: checking if migemo is supported with
configure:6169: result: migemo -t egrep /usr/local/share/migemo/migemo-dict
configure:6177: checking which editor is used by default
configure:6185: result: /usr/bin/vi
configure:6193: checking which mailer is used by default
configure:6201: result: /usr/bin/mail
configure:6209: checking which external browser is used by default
configure:6217: result: /usr/bin/mozilla
configure:6227: checking for -lbsd
configure:6238: result: not found
configure:6227: checking for -lBSD
configure:6238: result: not found
configure:6227: checking for -l44bsd
configure:6238: result: not found
configure:6227: checking for -lsocket
configure:6238: result: not found
configure:6227: checking for -lnsl
configure:6238: result: not found
configure:6227: checking for -ldld
configure:6238: result: not found
configure:6227: checking for -ldl
configure:6238: result: not found
configure:6242: checking if IPv6 support is enabled
configure:6251: result: yes
configure:6255: checking if IPv6 API available
configure:6258: checking for getaddrinfo
configure:6314: gcc -o conftest -g -O2 -I$(srcdir)/libwc   conftest.c  >&5
configure:6320: $? = 0
configure:6337: result: yes
configure:6429: checking if struct sockaddr_storage has an ss_family member
configure:6458: gcc -c -g -O2 -I$(srcdir)/libwc  conftest.c >&5
configure:6464: $? = 0
configure:6469: result: yes
configure:6545: checking if SSL is suported
configure:6555: result: yes
configure:6613: checking for openssl
configure:6653: checking for SSL library/header
configure:6656: result: /usr/openssl /usr/ssl /usr /usr/local/openssl /usr/local/ssl /usr/local
configure:6675: checking for SSL_new in -lssl
configure:6710: gcc -o conftest -g -O2 -I$(srcdir)/libwc   conftest.c -lssl  -lcrypto  >&5
configure:6716: $? = 0
configure:6734: result: yes
configure:6748: checking if SSL certificate verify is enabled
configure:6761: result: yes
configure:6766: checking if digest auth is enabled
configure:6783: result: yes
configure:6787: checking for sqrt
configure:6843: gcc -o conftest -g -O2 -I$(srcdir)/libwc  -I/usr/include/openssl   conftest.c  >&5
conftest.c:76: warning: conflicting types for built-in function 'sqrt'
configure:6849: $? = 0
configure:6866: result: yes
configure:6946: checking for Gpm_Open in -lgpm
configure:6981: gcc -o conftest -g -O2 -I$(srcdir)/libwc  -I/usr/include/openssl   conftest.c -lgpm   >&5
ld: library not found for -lgpm
collect2: ld returned 1 exit status
configure:6987: $? = 1
configure: failed program was:
| /* confdefs.h.  */
| #define PACKAGE_NAME "w3m"
| #define PACKAGE_TARNAME "w3m"
| #define PACKAGE_VERSION "0.5.2"
| #define PACKAGE_STRING "w3m 0.5.2"
| #define PACKAGE_BUGREPORT "satodai@w3m.jp"
| #define PACKAGE "w3m"
| #define VERSION "0.5.2"
| #define W3M w3m
| #define W3M_TARGET 
| #define USE_M17N 1
| #define USE_UNICODE 1
| #define W3M_LANG EN
| #define WCTARGET "libwc/libwc.a"
| #define WCCFLAGS "-DUSE_UNICODE -I$(srcdir) -I$(srcdir)/.."
| #define DISPLAY_CHARSET WC_CES_UTF_8
| #define SYSTEM_CHARSET WC_CES_UTF_8
| #define DOCUMENT_CHARSET WC_CES_UTF_8
| #define HAVE_ICONV 1
| #define USE_COLOR 1
| #define USE_ANSI_COLOR 1
| #define USE_BG_COLOR 1
| #define INSTALL_W3MIMGDISPLAY $INSTALL_W3MIMGDISPLAY
| #define USE_IMAGE 1
| #define IMGTARGETS "$IMGTARGETS"
| #define IMGOBJS "$IMGOBJS"
| #define IMGX11CFLAGS "$IMGX11CFLAGS"
| #define IMGX11LDFLAGS "$IMGX11LDFLAGS"
| #define IMGFBCFLAGS "$IMGFBCFLAGS"
| #define IMGFBLDFLAGS "$IMGLDFLAGS"
| #define USE_XFACE 1
| #define HELP_FILE "w3mhelp-w3m_en.html"
| #define KEYBIND w3m
| #define USE_MENU 1
| #define USE_MOUSE 1
| #define USE_HISTORY 1
| #define USE_ALARM 1
| #define USE_COOKIE 1
| #define USE_NNTP 1
| #define USE_DICT 1
| #define USE_HELP_CGI 1
| #define USE_EXTERNAL_URI_LOADER 1
| #define USE_W3MMAILER 1
| #define DEF_MIGEMO_COMMAND "migemo -t egrep /usr/local/share/migemo/migemo-dict"
| #define DEF_EDITOR "/usr/bin/vi"
| #define DEF_MAILER "/usr/bin/mail"
| #define DEF_EXT_BROWSER "/usr/bin/mozilla"
| #define INET6 1
| #define USE_SSL 1
| #define USE_SSL_VERIFY 1
| #define USE_DIGEST_AUTH 1
| /* end confdefs.h.  */
| 
| /* Override any GCC internal prototype to avoid an error.
|    Use char because int might match the return type of a GCC
|    builtin and then its argument prototype would still apply.  */
| #ifdef __cplusplus
| extern "C"
| #endif
| char Gpm_Open ();
| int
| main ()
| {
| return Gpm_Open ();
|   ;
|   return 0;
| }
configure:7005: result: no
configure:7031: gcc -E  conftest.c
conftest.c:53:24: error: sys/consio.h: No such file or directory
configure:7037: $? = 1
configure: failed program was:
| /* confdefs.h.  */
| #define PACKAGE_NAME "w3m"
| #define PACKAGE_TARNAME "w3m"
| #define PACKAGE_VERSION "0.5.2"
| #define PACKAGE_STRING "w3m 0.5.2"
| #define PACKAGE_BUGREPORT "satodai@w3m.jp"
| #define PACKAGE "w3m"
| #define VERSION "0.5.2"
| #define W3M w3m
| #define W3M_TARGET 
| #define USE_M17N 1
| #define USE_UNICODE 1
| #define W3M_LANG EN
| #define WCTARGET "libwc/libwc.a"
| #define WCCFLAGS "-DUSE_UNICODE -I$(srcdir) -I$(srcdir)/.."
| #define DISPLAY_CHARSET WC_CES_UTF_8
| #define SYSTEM_CHARSET WC_CES_UTF_8
| #define DOCUMENT_CHARSET WC_CES_UTF_8
| #define HAVE_ICONV 1
| #define USE_COLOR 1
| #define USE_ANSI_COLOR 1
| #define USE_BG_COLOR 1
| #define INSTALL_W3MIMGDISPLAY $INSTALL_W3MIMGDISPLAY
| #define USE_IMAGE 1
| #define IMGTARGETS "$IMGTARGETS"
| #define IMGOBJS "$IMGOBJS"
| #define IMGX11CFLAGS "$IMGX11CFLAGS"
| #define IMGX11LDFLAGS "$IMGX11LDFLAGS"
| #define IMGFBCFLAGS "$IMGFBCFLAGS"
| #define IMGFBLDFLAGS "$IMGLDFLAGS"
| #define USE_XFACE 1
| #define HELP_FILE "w3mhelp-w3m_en.html"
| #define KEYBIND w3m
| #define USE_MENU 1
| #define USE_MOUSE 1
| #define USE_HISTORY 1
| #define USE_ALARM 1
| #define USE_COOKIE 1
| #define USE_NNTP 1
| #define USE_DICT 1
| #define USE_HELP_CGI 1
| #define USE_EXTERNAL_URI_LOADER 1
| #define USE_W3MMAILER 1
| #define DEF_MIGEMO_COMMAND "migemo -t egrep /usr/local/share/migemo/migemo-dict"
| #define DEF_EDITOR "/usr/bin/vi"
| #define DEF_MAILER "/usr/bin/mail"
| #define DEF_EXT_BROWSER "/usr/bin/mozilla"
| #define INET6 1
| #define USE_SSL 1
| #define USE_SSL_VERIFY 1
| #define USE_DIGEST_AUTH 1
| /* end confdefs.h.  */
| #include <sys/consio.h>
|    MOUSE_GETINFO
configure:7064: gcc -E  conftest.c
conftest.c:53:29: error: machine/console.h: No such file or directory
configure:7070: $? = 1
configure: failed program was:
| /* confdefs.h.  */
| #define PACKAGE_NAME "w3m"
| #define PACKAGE_TARNAME "w3m"
| #define PACKAGE_VERSION "0.5.2"
| #define PACKAGE_STRING "w3m 0.5.2"
| #define PACKAGE_BUGREPORT "satodai@w3m.jp"
| #define PACKAGE "w3m"
| #define VERSION "0.5.2"
| #define W3M w3m
| #define W3M_TARGET 
| #define USE_M17N 1
| #define USE_UNICODE 1
| #define W3M_LANG EN
| #define WCTARGET "libwc/libwc.a"
| #define WCCFLAGS "-DUSE_UNICODE -I$(srcdir) -I$(srcdir)/.."
| #define DISPLAY_CHARSET WC_CES_UTF_8
| #define SYSTEM_CHARSET WC_CES_UTF_8
| #define DOCUMENT_CHARSET WC_CES_UTF_8
| #define HAVE_ICONV 1
| #define USE_COLOR 1
| #define USE_ANSI_COLOR 1
| #define USE_BG_COLOR 1
| #define INSTALL_W3MIMGDISPLAY $INSTALL_W3MIMGDISPLAY
| #define USE_IMAGE 1
| #define IMGTARGETS "$IMGTARGETS"
| #define IMGOBJS "$IMGOBJS"
| #define IMGX11CFLAGS "$IMGX11CFLAGS"
| #define IMGX11LDFLAGS "$IMGX11LDFLAGS"
| #define IMGFBCFLAGS "$IMGFBCFLAGS"
| #define IMGFBLDFLAGS "$IMGLDFLAGS"
| #define USE_XFACE 1
| #define HELP_FILE "w3mhelp-w3m_en.html"
| #define KEYBIND w3m
| #define USE_MENU 1
| #define USE_MOUSE 1
| #define USE_HISTORY 1
| #define USE_ALARM 1
| #define USE_COOKIE 1
| #define USE_NNTP 1
| #define USE_DICT 1
| #define USE_HELP_CGI 1
| #define USE_EXTERNAL_URI_LOADER 1
| #define USE_W3MMAILER 1
| #define DEF_MIGEMO_COMMAND "migemo -t egrep /usr/local/share/migemo/migemo-dict"
| #define DEF_EDITOR "/usr/bin/vi"
| #define DEF_MAILER "/usr/bin/mail"
| #define DEF_EXT_BROWSER "/usr/bin/mozilla"
| #define INET6 1
| #define USE_SSL 1
| #define USE_SSL_VERIFY 1
| #define USE_DIGEST_AUTH 1
| /* end confdefs.h.  */
| #include <machine/console.h>
|       MOUSE_GETINFO
configure:7092: checking terminal library
configure:7102: result: yes
configure:7107: checking for tgetent in -lterminfo
configure:7142: gcc -o conftest -g -O2 -I$(srcdir)/libwc  -I/usr/include/openssl   conftest.c -lterminfo   >&5
ld: library not found for -lterminfo
collect2: ld returned 1 exit status
configure:7148: $? = 1
configure: failed program was:
| /* confdefs.h.  */
| #define PACKAGE_NAME "w3m"
| #define PACKAGE_TARNAME "w3m"
| #define PACKAGE_VERSION "0.5.2"
| #define PACKAGE_STRING "w3m 0.5.2"
| #define PACKAGE_BUGREPORT "satodai@w3m.jp"
| #define PACKAGE "w3m"
| #define VERSION "0.5.2"
| #define W3M w3m
| #define W3M_TARGET 
| #define USE_M17N 1
| #define USE_UNICODE 1
| #define W3M_LANG EN
| #define WCTARGET "libwc/libwc.a"
| #define WCCFLAGS "-DUSE_UNICODE -I$(srcdir) -I$(srcdir)/.."
| #define DISPLAY_CHARSET WC_CES_UTF_8
| #define SYSTEM_CHARSET WC_CES_UTF_8
| #define DOCUMENT_CHARSET WC_CES_UTF_8
| #define HAVE_ICONV 1
| #define USE_COLOR 1
| #define USE_ANSI_COLOR 1
| #define USE_BG_COLOR 1
| #define INSTALL_W3MIMGDISPLAY $INSTALL_W3MIMGDISPLAY
| #define USE_IMAGE 1
| #define IMGTARGETS "$IMGTARGETS"
| #define IMGOBJS "$IMGOBJS"
| #define IMGX11CFLAGS "$IMGX11CFLAGS"
| #define IMGX11LDFLAGS "$IMGX11LDFLAGS"
| #define IMGFBCFLAGS "$IMGFBCFLAGS"
| #define IMGFBLDFLAGS "$IMGLDFLAGS"
| #define USE_XFACE 1
| #define HELP_FILE "w3mhelp-w3m_en.html"
| #define KEYBIND w3m
| #define USE_MENU 1
| #define USE_MOUSE 1
| #define USE_HISTORY 1
| #define USE_ALARM 1
| #define USE_COOKIE 1
| #define USE_NNTP 1
| #define USE_DICT 1
| #define USE_HELP_CGI 1
| #define USE_EXTERNAL_URI_LOADER 1
| #define USE_W3MMAILER 1
| #define DEF_MIGEMO_COMMAND "migemo -t egrep /usr/local/share/migemo/migemo-dict"
| #define DEF_EDITOR "/usr/bin/vi"
| #define DEF_MAILER "/usr/bin/mail"
| #define DEF_EXT_BROWSER "/usr/bin/mozilla"
| #define INET6 1
| #define USE_SSL 1
| #define USE_SSL_VERIFY 1
| #define USE_DIGEST_AUTH 1
| /* end confdefs.h.  */
| 
| /* Override any GCC internal prototype to avoid an error.
|    Use char because int might match the return type of a GCC
|    builtin and then its argument prototype would still apply.  */
| #ifdef __cplusplus
| extern "C"
| #endif
| char tgetent ();
| int
| main ()
| {
| return tgetent ();
|   ;
|   return 0;
| }
configure:7167: result: no
configure:7107: checking for tgetent in -lmytinfo
configure:7142: gcc -o conftest -g -O2 -I$(srcdir)/libwc  -I/usr/include/openssl   conftest.c -lmytinfo   >&5
ld: library not found for -lmytinfo
collect2: ld returned 1 exit status
configure:7148: $? = 1
configure: failed program was:
| /* confdefs.h.  */
| #define PACKAGE_NAME "w3m"
| #define PACKAGE_TARNAME "w3m"
| #define PACKAGE_VERSION "0.5.2"
| #define PACKAGE_STRING "w3m 0.5.2"
| #define PACKAGE_BUGREPORT "satodai@w3m.jp"
| #define PACKAGE "w3m"
| #define VERSION "0.5.2"
| #define W3M w3m
| #define W3M_TARGET 
| #define USE_M17N 1
| #define USE_UNICODE 1
| #define W3M_LANG EN
| #define WCTARGET "libwc/libwc.a"
| #define WCCFLAGS "-DUSE_UNICODE -I$(srcdir) -I$(srcdir)/.."
| #define DISPLAY_CHARSET WC_CES_UTF_8
| #define SYSTEM_CHARSET WC_CES_UTF_8
| #define DOCUMENT_CHARSET WC_CES_UTF_8
| #define HAVE_ICONV 1
| #define USE_COLOR 1
| #define USE_ANSI_COLOR 1
| #define USE_BG_COLOR 1
| #define INSTALL_W3MIMGDISPLAY $INSTALL_W3MIMGDISPLAY
| #define USE_IMAGE 1
| #define IMGTARGETS "$IMGTARGETS"
| #define IMGOBJS "$IMGOBJS"
| #define IMGX11CFLAGS "$IMGX11CFLAGS"
| #define IMGX11LDFLAGS "$IMGX11LDFLAGS"
| #define IMGFBCFLAGS "$IMGFBCFLAGS"
| #define IMGFBLDFLAGS "$IMGLDFLAGS"
| #define USE_XFACE 1
| #define HELP_FILE "w3mhelp-w3m_en.html"
| #define KEYBIND w3m
| #define USE_MENU 1
| #define USE_MOUSE 1
| #define USE_HISTORY 1
| #define USE_ALARM 1
| #define USE_COOKIE 1
| #define USE_NNTP 1
| #define USE_DICT 1
| #define USE_HELP_CGI 1
| #define USE_EXTERNAL_URI_LOADER 1
| #define USE_W3MMAILER 1
| #define DEF_MIGEMO_COMMAND "migemo -t egrep /usr/local/share/migemo/migemo-dict"
| #define DEF_EDITOR "/usr/bin/vi"
| #define DEF_MAILER "/usr/bin/mail"
| #define DEF_EXT_BROWSER "/usr/bin/mozilla"
| #define INET6 1
| #define USE_SSL 1
| #define USE_SSL_VERIFY 1
| #define USE_DIGEST_AUTH 1
| /* end confdefs.h.  */
| 
| /* Override any GCC internal prototype to avoid an error.
|    Use char because int might match the return type of a GCC
|    builtin and then its argument prototype would still apply.  */
| #ifdef __cplusplus
| extern "C"
| #endif
| char tgetent ();
| int
| main ()
| {
| return tgetent ();
|   ;
|   return 0;
| }
configure:7167: result: no
configure:7107: checking for tgetent in -ltermlib
configure:7142: gcc -o conftest -g -O2 -I$(srcdir)/libwc  -I/usr/include/openssl   conftest.c -ltermlib   >&5
ld: library not found for -ltermlib
collect2: ld returned 1 exit status
configure:7148: $? = 1
configure: failed program was:
| /* confdefs.h.  */
| #define PACKAGE_NAME "w3m"
| #define PACKAGE_TARNAME "w3m"
| #define PACKAGE_VERSION "0.5.2"
| #define PACKAGE_STRING "w3m 0.5.2"
| #define PACKAGE_BUGREPORT "satodai@w3m.jp"
| #define PACKAGE "w3m"
| #define VERSION "0.5.2"
| #define W3M w3m
| #define W3M_TARGET 
| #define USE_M17N 1
| #define USE_UNICODE 1
| #define W3M_LANG EN
| #define WCTARGET "libwc/libwc.a"
| #define WCCFLAGS "-DUSE_UNICODE -I$(srcdir) -I$(srcdir)/.."
| #define DISPLAY_CHARSET WC_CES_UTF_8
| #define SYSTEM_CHARSET WC_CES_UTF_8
| #define DOCUMENT_CHARSET WC_CES_UTF_8
| #define HAVE_ICONV 1
| #define USE_COLOR 1
| #define USE_ANSI_COLOR 1
| #define USE_BG_COLOR 1
| #define INSTALL_W3MIMGDISPLAY $INSTALL_W3MIMGDISPLAY
| #define USE_IMAGE 1
| #define IMGTARGETS "$IMGTARGETS"
| #define IMGOBJS "$IMGOBJS"
| #define IMGX11CFLAGS "$IMGX11CFLAGS"
| #define IMGX11LDFLAGS "$IMGX11LDFLAGS"
| #define IMGFBCFLAGS "$IMGFBCFLAGS"
| #define IMGFBLDFLAGS "$IMGLDFLAGS"
| #define USE_XFACE 1
| #define HELP_FILE "w3mhelp-w3m_en.html"
| #define KEYBIND w3m
| #define USE_MENU 1
| #define USE_MOUSE 1
| #define USE_HISTORY 1
| #define USE_ALARM 1
| #define USE_COOKIE 1
| #define USE_NNTP 1
| #define USE_DICT 1
| #define USE_HELP_CGI 1
| #define USE_EXTERNAL_URI_LOADER 1
| #define USE_W3MMAILER 1
| #define DEF_MIGEMO_COMMAND "migemo -t egrep /usr/local/share/migemo/migemo-dict"
| #define DEF_EDITOR "/usr/bin/vi"
| #define DEF_MAILER "/usr/bin/mail"
| #define DEF_EXT_BROWSER "/usr/bin/mozilla"
| #define INET6 1
| #define USE_SSL 1
| #define USE_SSL_VERIFY 1
| #define USE_DIGEST_AUTH 1
| /* end confdefs.h.  */
| 
| /* Override any GCC internal prototype to avoid an error.
|    Use char because int might match the return type of a GCC
|    builtin and then its argument prototype would still apply.  */
| #ifdef __cplusplus
| extern "C"
| #endif
| char tgetent ();
| int
| main ()
| {
| return tgetent ();
|   ;
|   return 0;
| }
configure:7167: result: no
configure:7107: checking for tgetent in -ltermcap
configure:7142: gcc -o conftest -g -O2 -I$(srcdir)/libwc  -I/usr/include/openssl   conftest.c -ltermcap   >&5
configure:7148: $? = 0
configure:7167: result: yes
configure:7175: checking for grep that handles long lines and -e
configure:7249: result: /usr/bin/grep
configure:7254: checking for egrep
configure:7332: result: /usr/bin/grep -E
configure:7337: checking for ANSI C header files
configure:7367: gcc -c -g -O2 -I$(srcdir)/libwc  -I/usr/include/openssl  conftest.c >&5
configure:7373: $? = 0
configure:7472: gcc -o conftest -g -O2 -I$(srcdir)/libwc  -I/usr/include/openssl   conftest.c  >&5
configure:7475: $? = 0
configure:7481: ./conftest
configure:7484: $? = 0
configure:7501: result: yes
configure:7525: checking for sys/types.h
configure:7546: gcc -c -g -O2 -I$(srcdir)/libwc  -I/usr/include/openssl  conftest.c >&5
configure:7552: $? = 0
configure:7568: result: yes
configure:7525: checking for sys/stat.h
configure:7546: gcc -c -g -O2 -I$(srcdir)/libwc  -I/usr/include/openssl  conftest.c >&5
configure:7552: $? = 0
configure:7568: result: yes
configure:7525: checking for stdlib.h
configure:7546: gcc -c -g -O2 -I$(srcdir)/libwc  -I/usr/include/openssl  conftest.c >&5
configure:7552: $? = 0
configure:7568: result: yes
configure:7525: checking for string.h
configure:7546: gcc -c -g -O2 -I$(srcdir)/libwc  -I/usr/include/openssl  conftest.c >&5
configure:7552: $? = 0
configure:7568: result: yes
configure:7525: checking for memory.h
configure:7546: gcc -c -g -O2 -I$(srcdir)/libwc  -I/usr/include/openssl  conftest.c >&5
configure:7552: $? = 0
configure:7568: result: yes
configure:7525: checking for strings.h
configure:7546: gcc -c -g -O2 -I$(srcdir)/libwc  -I/usr/include/openssl  conftest.c >&5
configure:7552: $? = 0
configure:7568: result: yes
configure:7525: checking for inttypes.h
configure:7546: gcc -c -g -O2 -I$(srcdir)/libwc  -I/usr/include/openssl  conftest.c >&5
configure:7552: $? = 0
configure:7568: result: yes
configure:7525: checking for stdint.h
configure:7546: gcc -c -g -O2 -I$(srcdir)/libwc  -I/usr/include/openssl  conftest.c >&5
configure:7552: $? = 0
configure:7568: result: yes
configure:7525: checking for unistd.h
configure:7546: gcc -c -g -O2 -I$(srcdir)/libwc  -I/usr/include/openssl  conftest.c >&5
configure:7552: $? = 0
configure:7568: result: yes
configure:7580: checking GC library exists
configure:7593: result: yes
configure:7607: checking gc.h usability
configure:7624: gcc -c -g -O2 -I$(srcdir)/libwc  -I/usr/include/openssl  conftest.c >&5
conftest.c:96:16: error: gc.h: No such file or directory
configure:7630: $? = 1
configure: failed program was:
| /* confdefs.h.  */
| #define PACKAGE_NAME "w3m"
| #define PACKAGE_TARNAME "w3m"
| #define PACKAGE_VERSION "0.5.2"
| #define PACKAGE_STRING "w3m 0.5.2"
| #define PACKAGE_BUGREPORT "satodai@w3m.jp"
| #define PACKAGE "w3m"
| #define VERSION "0.5.2"
| #define W3M w3m
| #define W3M_TARGET 
| #define USE_M17N 1
| #define USE_UNICODE 1
| #define W3M_LANG EN
| #define WCTARGET "libwc/libwc.a"
| #define WCCFLAGS "-DUSE_UNICODE -I$(srcdir) -I$(srcdir)/.."
| #define DISPLAY_CHARSET WC_CES_UTF_8
| #define SYSTEM_CHARSET WC_CES_UTF_8
| #define DOCUMENT_CHARSET WC_CES_UTF_8
| #define HAVE_ICONV 1
| #define USE_COLOR 1
| #define USE_ANSI_COLOR 1
| #define USE_BG_COLOR 1
| #define INSTALL_W3MIMGDISPLAY $INSTALL_W3MIMGDISPLAY
| #define USE_IMAGE 1
| #define IMGTARGETS "$IMGTARGETS"
| #define IMGOBJS "$IMGOBJS"
| #define IMGX11CFLAGS "$IMGX11CFLAGS"
| #define IMGX11LDFLAGS "$IMGX11LDFLAGS"
| #define IMGFBCFLAGS "$IMGFBCFLAGS"
| #define IMGFBLDFLAGS "$IMGLDFLAGS"
| #define USE_XFACE 1
| #define HELP_FILE "w3mhelp-w3m_en.html"
| #define KEYBIND w3m
| #define USE_MENU 1
| #define USE_MOUSE 1
| #define USE_HISTORY 1
| #define USE_ALARM 1
| #define USE_COOKIE 1
| #define USE_NNTP 1
| #define USE_DICT 1
| #define USE_HELP_CGI 1
| #define USE_EXTERNAL_URI_LOADER 1
| #define USE_W3MMAILER 1
| #define DEF_MIGEMO_COMMAND "migemo -t egrep /usr/local/share/migemo/migemo-dict"
| #define DEF_EDITOR "/usr/bin/vi"
| #define DEF_MAILER "/usr/bin/mail"
| #define DEF_EXT_BROWSER "/usr/bin/mozilla"
| #define INET6 1
| #define USE_SSL 1
| #define USE_SSL_VERIFY 1
| #define USE_DIGEST_AUTH 1
| #define STDC_HEADERS 1
| #define HAVE_SYS_TYPES_H 1
| #define HAVE_SYS_STAT_H 1
| #define HAVE_STDLIB_H 1
| #define HAVE_STRING_H 1
| #define HAVE_MEMORY_H 1
| #define HAVE_STRINGS_H 1
| #define HAVE_INTTYPES_H 1
| #define HAVE_STDINT_H 1
| #define HAVE_UNISTD_H 1
| /* end confdefs.h.  */
| #include <stdio.h>
| #ifdef HAVE_SYS_TYPES_H
| # include <sys/types.h>
| #endif
| #ifdef HAVE_SYS_STAT_H
| # include <sys/stat.h>
| #endif
| #ifdef STDC_HEADERS
| # include <stdlib.h>
| # include <stddef.h>
| #else
| # ifdef HAVE_STDLIB_H
| #  include <stdlib.h>
| # endif
| #endif
| #ifdef HAVE_STRING_H
| # if !defined STDC_HEADERS && defined HAVE_MEMORY_H
| #  include <memory.h>
| # endif
| # include <string.h>
| #endif
| #ifdef HAVE_STRINGS_H
| # include <strings.h>
| #endif
| #ifdef HAVE_INTTYPES_H
| # include <inttypes.h>
| #endif
| #ifdef HAVE_STDINT_H
| # include <stdint.h>
| #endif
| #ifdef HAVE_UNISTD_H
| # include <unistd.h>
| #endif
| #include <gc.h>
configure:7644: result: no
configure:7648: checking gc.h presence
configure:7663: gcc -E  conftest.c
conftest.c:63:16: error: gc.h: No such file or directory
configure:7669: $? = 1
configure: failed program was:
| /* confdefs.h.  */
| #define PACKAGE_NAME "w3m"
| #define PACKAGE_TARNAME "w3m"
| #define PACKAGE_VERSION "0.5.2"
| #define PACKAGE_STRING "w3m 0.5.2"
| #define PACKAGE_BUGREPORT "satodai@w3m.jp"
| #define PACKAGE "w3m"
| #define VERSION "0.5.2"
| #define W3M w3m
| #define W3M_TARGET 
| #define USE_M17N 1
| #define USE_UNICODE 1
| #define W3M_LANG EN
| #define WCTARGET "libwc/libwc.a"
| #define WCCFLAGS "-DUSE_UNICODE -I$(srcdir) -I$(srcdir)/.."
| #define DISPLAY_CHARSET WC_CES_UTF_8
| #define SYSTEM_CHARSET WC_CES_UTF_8
| #define DOCUMENT_CHARSET WC_CES_UTF_8
| #define HAVE_ICONV 1
| #define USE_COLOR 1
| #define USE_ANSI_COLOR 1
| #define USE_BG_COLOR 1
| #define INSTALL_W3MIMGDISPLAY $INSTALL_W3MIMGDISPLAY
| #define USE_IMAGE 1
| #define IMGTARGETS "$IMGTARGETS"
| #define IMGOBJS "$IMGOBJS"
| #define IMGX11CFLAGS "$IMGX11CFLAGS"
| #define IMGX11LDFLAGS "$IMGX11LDFLAGS"
| #define IMGFBCFLAGS "$IMGFBCFLAGS"
| #define IMGFBLDFLAGS "$IMGLDFLAGS"
| #define USE_XFACE 1
| #define HELP_FILE "w3mhelp-w3m_en.html"
| #define KEYBIND w3m
| #define USE_MENU 1
| #define USE_MOUSE 1
| #define USE_HISTORY 1
| #define USE_ALARM 1
| #define USE_COOKIE 1
| #define USE_NNTP 1
| #define USE_DICT 1
| #define USE_HELP_CGI 1
| #define USE_EXTERNAL_URI_LOADER 1
| #define USE_W3MMAILER 1
| #define DEF_MIGEMO_COMMAND "migemo -t egrep /usr/local/share/migemo/migemo-dict"
| #define DEF_EDITOR "/usr/bin/vi"
| #define DEF_MAILER "/usr/bin/mail"
| #define DEF_EXT_BROWSER "/usr/bin/mozilla"
| #define INET6 1
| #define USE_SSL 1
| #define USE_SSL_VERIFY 1
| #define USE_DIGEST_AUTH 1
| #define STDC_HEADERS 1
| #define HAVE_SYS_TYPES_H 1
| #define HAVE_SYS_STAT_H 1
| #define HAVE_STDLIB_H 1
| #define HAVE_STRING_H 1
| #define HAVE_MEMORY_H 1
| #define HAVE_STRINGS_H 1
| #define HAVE_INTTYPES_H 1
| #define HAVE_STDINT_H 1
| #define HAVE_UNISTD_H 1
| /* end confdefs.h.  */
| #include <gc.h>
configure:7683: result: no
configure:7716: checking for gc.h
configure:7723: result: no
configure:7730: checking GC header location
configure:7732: result: /usr /usr/local /Users/david
configure:7739: checking /usr/include
configure:7752: checking gc.h usability
configure:7769: gcc -c -g -O2 -I$(srcdir)/libwc  -I/usr/include/openssl  -I/usr/include conftest.c >&5
conftest.c:96:16: error: gc.h: No such file or directory
configure:7775: $? = 1
configure: failed program was:
| /* confdefs.h.  */
| #define PACKAGE_NAME "w3m"
| #define PACKAGE_TARNAME "w3m"
| #define PACKAGE_VERSION "0.5.2"
| #define PACKAGE_STRING "w3m 0.5.2"
| #define PACKAGE_BUGREPORT "satodai@w3m.jp"
| #define PACKAGE "w3m"
| #define VERSION "0.5.2"
| #define W3M w3m
| #define W3M_TARGET 
| #define USE_M17N 1
| #define USE_UNICODE 1
| #define W3M_LANG EN
| #define WCTARGET "libwc/libwc.a"
| #define WCCFLAGS "-DUSE_UNICODE -I$(srcdir) -I$(srcdir)/.."
| #define DISPLAY_CHARSET WC_CES_UTF_8
| #define SYSTEM_CHARSET WC_CES_UTF_8
| #define DOCUMENT_CHARSET WC_CES_UTF_8
| #define HAVE_ICONV 1
| #define USE_COLOR 1
| #define USE_ANSI_COLOR 1
| #define USE_BG_COLOR 1
| #define INSTALL_W3MIMGDISPLAY $INSTALL_W3MIMGDISPLAY
| #define USE_IMAGE 1
| #define IMGTARGETS "$IMGTARGETS"
| #define IMGOBJS "$IMGOBJS"
| #define IMGX11CFLAGS "$IMGX11CFLAGS"
| #define IMGX11LDFLAGS "$IMGX11LDFLAGS"
| #define IMGFBCFLAGS "$IMGFBCFLAGS"
| #define IMGFBLDFLAGS "$IMGLDFLAGS"
| #define USE_XFACE 1
| #define HELP_FILE "w3mhelp-w3m_en.html"
| #define KEYBIND w3m
| #define USE_MENU 1
| #define USE_MOUSE 1
| #define USE_HISTORY 1
| #define USE_ALARM 1
| #define USE_COOKIE 1
| #define USE_NNTP 1
| #define USE_DICT 1
| #define USE_HELP_CGI 1
| #define USE_EXTERNAL_URI_LOADER 1
| #define USE_W3MMAILER 1
| #define DEF_MIGEMO_COMMAND "migemo -t egrep /usr/local/share/migemo/migemo-dict"
| #define DEF_EDITOR "/usr/bin/vi"
| #define DEF_MAILER "/usr/bin/mail"
| #define DEF_EXT_BROWSER "/usr/bin/mozilla"
| #define INET6 1
| #define USE_SSL 1
| #define USE_SSL_VERIFY 1
| #define USE_DIGEST_AUTH 1
| #define STDC_HEADERS 1
| #define HAVE_SYS_TYPES_H 1
| #define HAVE_SYS_STAT_H 1
| #define HAVE_STDLIB_H 1
| #define HAVE_STRING_H 1
| #define HAVE_MEMORY_H 1
| #define HAVE_STRINGS_H 1
| #define HAVE_INTTYPES_H 1
| #define HAVE_STDINT_H 1
| #define HAVE_UNISTD_H 1
| /* end confdefs.h.  */
| #include <stdio.h>
| #ifdef HAVE_SYS_TYPES_H
| # include <sys/types.h>
| #endif
| #ifdef HAVE_SYS_STAT_H
| # include <sys/stat.h>
| #endif
| #ifdef STDC_HEADERS
| # include <stdlib.h>
| # include <stddef.h>
| #else
| # ifdef HAVE_STDLIB_H
| #  include <stdlib.h>
| # endif
| #endif
| #ifdef HAVE_STRING_H
| # if !defined STDC_HEADERS && defined HAVE_MEMORY_H
| #  include <memory.h>
| # endif
| # include <string.h>
| #endif
| #ifdef HAVE_STRINGS_H
| # include <strings.h>
| #endif
| #ifdef HAVE_INTTYPES_H
| # include <inttypes.h>
| #endif
| #ifdef HAVE_STDINT_H
| # include <stdint.h>
| #endif
| #ifdef HAVE_UNISTD_H
| # include <unistd.h>
| #endif
| #include <gc.h>
configure:7789: result: no
configure:7793: checking gc.h presence
configure:7808: gcc -E  -I/usr/include conftest.c
conftest.c:63:16: error: gc.h: No such file or directory
configure:7814: $? = 1
configure: failed program was:
| /* confdefs.h.  */
| #define PACKAGE_NAME "w3m"
| #define PACKAGE_TARNAME "w3m"
| #define PACKAGE_VERSION "0.5.2"
| #define PACKAGE_STRING "w3m 0.5.2"
| #define PACKAGE_BUGREPORT "satodai@w3m.jp"
| #define PACKAGE "w3m"
| #define VERSION "0.5.2"
| #define W3M w3m
| #define W3M_TARGET 
| #define USE_M17N 1
| #define USE_UNICODE 1
| #define W3M_LANG EN
| #define WCTARGET "libwc/libwc.a"
| #define WCCFLAGS "-DUSE_UNICODE -I$(srcdir) -I$(srcdir)/.."
| #define DISPLAY_CHARSET WC_CES_UTF_8
| #define SYSTEM_CHARSET WC_CES_UTF_8
| #define DOCUMENT_CHARSET WC_CES_UTF_8
| #define HAVE_ICONV 1
| #define USE_COLOR 1
| #define USE_ANSI_COLOR 1
| #define USE_BG_COLOR 1
| #define INSTALL_W3MIMGDISPLAY $INSTALL_W3MIMGDISPLAY
| #define USE_IMAGE 1
| #define IMGTARGETS "$IMGTARGETS"
| #define IMGOBJS "$IMGOBJS"
| #define IMGX11CFLAGS "$IMGX11CFLAGS"
| #define IMGX11LDFLAGS "$IMGX11LDFLAGS"
| #define IMGFBCFLAGS "$IMGFBCFLAGS"
| #define IMGFBLDFLAGS "$IMGLDFLAGS"
| #define USE_XFACE 1
| #define HELP_FILE "w3mhelp-w3m_en.html"
| #define KEYBIND w3m
| #define USE_MENU 1
| #define USE_MOUSE 1
| #define USE_HISTORY 1
| #define USE_ALARM 1
| #define USE_COOKIE 1
| #define USE_NNTP 1
| #define USE_DICT 1
| #define USE_HELP_CGI 1
| #define USE_EXTERNAL_URI_LOADER 1
| #define USE_W3MMAILER 1
| #define DEF_MIGEMO_COMMAND "migemo -t egrep /usr/local/share/migemo/migemo-dict"
| #define DEF_EDITOR "/usr/bin/vi"
| #define DEF_MAILER "/usr/bin/mail"
| #define DEF_EXT_BROWSER "/usr/bin/mozilla"
| #define INET6 1
| #define USE_SSL 1
| #define USE_SSL_VERIFY 1
| #define USE_DIGEST_AUTH 1
| #define STDC_HEADERS 1
| #define HAVE_SYS_TYPES_H 1
| #define HAVE_SYS_STAT_H 1
| #define HAVE_STDLIB_H 1
| #define HAVE_STRING_H 1
| #define HAVE_MEMORY_H 1
| #define HAVE_STRINGS_H 1
| #define HAVE_INTTYPES_H 1
| #define HAVE_STDINT_H 1
| #define HAVE_UNISTD_H 1
| /* end confdefs.h.  */
| #include <gc.h>
configure:7828: result: no
configure:7861: checking for gc.h
configure:7868: result: no
configure:7739: checking /usr/include/gc
configure:7752: checking gc.h usability
configure:7769: gcc -c -g -O2 -I$(srcdir)/libwc  -I/usr/include/openssl  -I/usr/include/gc conftest.c >&5
conftest.c:96:16: error: gc.h: No such file or directory
configure:7775: $? = 1
configure: failed program was:
| /* confdefs.h.  */
| #define PACKAGE_NAME "w3m"
| #define PACKAGE_TARNAME "w3m"
| #define PACKAGE_VERSION "0.5.2"
| #define PACKAGE_STRING "w3m 0.5.2"
| #define PACKAGE_BUGREPORT "satodai@w3m.jp"
| #define PACKAGE "w3m"
| #define VERSION "0.5.2"
| #define W3M w3m
| #define W3M_TARGET 
| #define USE_M17N 1
| #define USE_UNICODE 1
| #define W3M_LANG EN
| #define WCTARGET "libwc/libwc.a"
| #define WCCFLAGS "-DUSE_UNICODE -I$(srcdir) -I$(srcdir)/.."
| #define DISPLAY_CHARSET WC_CES_UTF_8
| #define SYSTEM_CHARSET WC_CES_UTF_8
| #define DOCUMENT_CHARSET WC_CES_UTF_8
| #define HAVE_ICONV 1
| #define USE_COLOR 1
| #define USE_ANSI_COLOR 1
| #define USE_BG_COLOR 1
| #define INSTALL_W3MIMGDISPLAY $INSTALL_W3MIMGDISPLAY
| #define USE_IMAGE 1
| #define IMGTARGETS "$IMGTARGETS"
| #define IMGOBJS "$IMGOBJS"
| #define IMGX11CFLAGS "$IMGX11CFLAGS"
| #define IMGX11LDFLAGS "$IMGX11LDFLAGS"
| #define IMGFBCFLAGS "$IMGFBCFLAGS"
| #define IMGFBLDFLAGS "$IMGLDFLAGS"
| #define USE_XFACE 1
| #define HELP_FILE "w3mhelp-w3m_en.html"
| #define KEYBIND w3m
| #define USE_MENU 1
| #define USE_MOUSE 1
| #define USE_HISTORY 1
| #define USE_ALARM 1
| #define USE_COOKIE 1
| #define USE_NNTP 1
| #define USE_DICT 1
| #define USE_HELP_CGI 1
| #define USE_EXTERNAL_URI_LOADER 1
| #define USE_W3MMAILER 1
| #define DEF_MIGEMO_COMMAND "migemo -t egrep /usr/local/share/migemo/migemo-dict"
| #define DEF_EDITOR "/usr/bin/vi"
| #define DEF_MAILER "/usr/bin/mail"
| #define DEF_EXT_BROWSER "/usr/bin/mozilla"
| #define INET6 1
| #define USE_SSL 1
| #define USE_SSL_VERIFY 1
| #define USE_DIGEST_AUTH 1
| #define STDC_HEADERS 1
| #define HAVE_SYS_TYPES_H 1
| #define HAVE_SYS_STAT_H 1
| #define HAVE_STDLIB_H 1
| #define HAVE_STRING_H 1
| #define HAVE_MEMORY_H 1
| #define HAVE_STRINGS_H 1
| #define HAVE_INTTYPES_H 1
| #define HAVE_STDINT_H 1
| #define HAVE_UNISTD_H 1
| /* end confdefs.h.  */
| #include <stdio.h>
| #ifdef HAVE_SYS_TYPES_H
| # include <sys/types.h>
| #endif
| #ifdef HAVE_SYS_STAT_H
| # include <sys/stat.h>
| #endif
| #ifdef STDC_HEADERS
| # include <stdlib.h>
| # include <stddef.h>
| #else
| # ifdef HAVE_STDLIB_H
| #  include <stdlib.h>
| # endif
| #endif
| #ifdef HAVE_STRING_H
| # if !defined STDC_HEADERS && defined HAVE_MEMORY_H
| #  include <memory.h>
| # endif
| # include <string.h>
| #endif
| #ifdef HAVE_STRINGS_H
| # include <strings.h>
| #endif
| #ifdef HAVE_INTTYPES_H
| # include <inttypes.h>
| #endif
| #ifdef HAVE_STDINT_H
| # include <stdint.h>
| #endif
| #ifdef HAVE_UNISTD_H
| # include <unistd.h>
| #endif
| #include <gc.h>
configure:7789: result: no
configure:7793: checking gc.h presence
configure:7808: gcc -E  -I/usr/include/gc conftest.c
conftest.c:63:16: error: gc.h: No such file or directory
configure:7814: $? = 1
configure: failed program was:
| /* confdefs.h.  */
| #define PACKAGE_NAME "w3m"
| #define PACKAGE_TARNAME "w3m"
| #define PACKAGE_VERSION "0.5.2"
| #define PACKAGE_STRING "w3m 0.5.2"
| #define PACKAGE_BUGREPORT "satodai@w3m.jp"
| #define PACKAGE "w3m"
| #define VERSION "0.5.2"
| #define W3M w3m
| #define W3M_TARGET 
| #define USE_M17N 1
| #define USE_UNICODE 1
| #define W3M_LANG EN
| #define WCTARGET "libwc/libwc.a"
| #define WCCFLAGS "-DUSE_UNICODE -I$(srcdir) -I$(srcdir)/.."
| #define DISPLAY_CHARSET WC_CES_UTF_8
| #define SYSTEM_CHARSET WC_CES_UTF_8
| #define DOCUMENT_CHARSET WC_CES_UTF_8
| #define HAVE_ICONV 1
| #define USE_COLOR 1
| #define USE_ANSI_COLOR 1
| #define USE_BG_COLOR 1
| #define INSTALL_W3MIMGDISPLAY $INSTALL_W3MIMGDISPLAY
| #define USE_IMAGE 1
| #define IMGTARGETS "$IMGTARGETS"
| #define IMGOBJS "$IMGOBJS"
| #define IMGX11CFLAGS "$IMGX11CFLAGS"
| #define IMGX11LDFLAGS "$IMGX11LDFLAGS"
| #define IMGFBCFLAGS "$IMGFBCFLAGS"
| #define IMGFBLDFLAGS "$IMGLDFLAGS"
| #define USE_XFACE 1
| #define HELP_FILE "w3mhelp-w3m_en.html"
| #define KEYBIND w3m
| #define USE_MENU 1
| #define USE_MOUSE 1
| #define USE_HISTORY 1
| #define USE_ALARM 1
| #define USE_COOKIE 1
| #define USE_NNTP 1
| #define USE_DICT 1
| #define USE_HELP_CGI 1
| #define USE_EXTERNAL_URI_LOADER 1
| #define USE_W3MMAILER 1
| #define DEF_MIGEMO_COMMAND "migemo -t egrep /usr/local/share/migemo/migemo-dict"
| #define DEF_EDITOR "/usr/bin/vi"
| #define DEF_MAILER "/usr/bin/mail"
| #define DEF_EXT_BROWSER "/usr/bin/mozilla"
| #define INET6 1
| #define USE_SSL 1
| #define USE_SSL_VERIFY 1
| #define USE_DIGEST_AUTH 1
| #define STDC_HEADERS 1
| #define HAVE_SYS_TYPES_H 1
| #define HAVE_SYS_STAT_H 1
| #define HAVE_STDLIB_H 1
| #define HAVE_STRING_H 1
| #define HAVE_MEMORY_H 1
| #define HAVE_STRINGS_H 1
| #define HAVE_INTTYPES_H 1
| #define HAVE_STDINT_H 1
| #define HAVE_UNISTD_H 1
| /* end confdefs.h.  */
| #include <gc.h>
configure:7828: result: no
configure:7861: checking for gc.h
configure:7868: result: no
configure:7739: checking /usr/local/include
configure:7752: checking gc.h usability
configure:7769: gcc -c -g -O2 -I$(srcdir)/libwc  -I/usr/include/openssl  -I/usr/local/include conftest.c >&5
conftest.c:96:16: error: gc.h: No such file or directory
configure:7775: $? = 1
configure: failed program was:
| /* confdefs.h.  */
| #define PACKAGE_NAME "w3m"
| #define PACKAGE_TARNAME "w3m"
| #define PACKAGE_VERSION "0.5.2"
| #define PACKAGE_STRING "w3m 0.5.2"
| #define PACKAGE_BUGREPORT "satodai@w3m.jp"
| #define PACKAGE "w3m"
| #define VERSION "0.5.2"
| #define W3M w3m
| #define W3M_TARGET 
| #define USE_M17N 1
| #define USE_UNICODE 1
| #define W3M_LANG EN
| #define WCTARGET "libwc/libwc.a"
| #define WCCFLAGS "-DUSE_UNICODE -I$(srcdir) -I$(srcdir)/.."
| #define DISPLAY_CHARSET WC_CES_UTF_8
| #define SYSTEM_CHARSET WC_CES_UTF_8
| #define DOCUMENT_CHARSET WC_CES_UTF_8
| #define HAVE_ICONV 1
| #define USE_COLOR 1
| #define USE_ANSI_COLOR 1
| #define USE_BG_COLOR 1
| #define INSTALL_W3MIMGDISPLAY $INSTALL_W3MIMGDISPLAY
| #define USE_IMAGE 1
| #define IMGTARGETS "$IMGTARGETS"
| #define IMGOBJS "$IMGOBJS"
| #define IMGX11CFLAGS "$IMGX11CFLAGS"
| #define IMGX11LDFLAGS "$IMGX11LDFLAGS"
| #define IMGFBCFLAGS "$IMGFBCFLAGS"
| #define IMGFBLDFLAGS "$IMGLDFLAGS"
| #define USE_XFACE 1
| #define HELP_FILE "w3mhelp-w3m_en.html"
| #define KEYBIND w3m
| #define USE_MENU 1
| #define USE_MOUSE 1
| #define USE_HISTORY 1
| #define USE_ALARM 1
| #define USE_COOKIE 1
| #define USE_NNTP 1
| #define USE_DICT 1
| #define USE_HELP_CGI 1
| #define USE_EXTERNAL_URI_LOADER 1
| #define USE_W3MMAILER 1
| #define DEF_MIGEMO_COMMAND "migemo -t egrep /usr/local/share/migemo/migemo-dict"
| #define DEF_EDITOR "/usr/bin/vi"
| #define DEF_MAILER "/usr/bin/mail"
| #define DEF_EXT_BROWSER "/usr/bin/mozilla"
| #define INET6 1
| #define USE_SSL 1
| #define USE_SSL_VERIFY 1
| #define USE_DIGEST_AUTH 1
| #define STDC_HEADERS 1
| #define HAVE_SYS_TYPES_H 1
| #define HAVE_SYS_STAT_H 1
| #define HAVE_STDLIB_H 1
| #define HAVE_STRING_H 1
| #define HAVE_MEMORY_H 1
| #define HAVE_STRINGS_H 1
| #define HAVE_INTTYPES_H 1
| #define HAVE_STDINT_H 1
| #define HAVE_UNISTD_H 1
| /* end confdefs.h.  */
| #include <stdio.h>
| #ifdef HAVE_SYS_TYPES_H
| # include <sys/types.h>
| #endif
| #ifdef HAVE_SYS_STAT_H
| # include <sys/stat.h>
| #endif
| #ifdef STDC_HEADERS
| # include <stdlib.h>
| # include <stddef.h>
| #else
| # ifdef HAVE_STDLIB_H
| #  include <stdlib.h>
| # endif
| #endif
| #ifdef HAVE_STRING_H
| # if !defined STDC_HEADERS && defined HAVE_MEMORY_H
| #  include <memory.h>
| # endif
| # include <string.h>
| #endif
| #ifdef HAVE_STRINGS_H
| # include <strings.h>
| #endif
| #ifdef HAVE_INTTYPES_H
| # include <inttypes.h>
| #endif
| #ifdef HAVE_STDINT_H
| # include <stdint.h>
| #endif
| #ifdef HAVE_UNISTD_H
| # include <unistd.h>
| #endif
| #include <gc.h>
configure:7789: result: no
configure:7793: checking gc.h presence
configure:7808: gcc -E  -I/usr/local/include conftest.c
conftest.c:63:16: error: gc.h: No such file or directory
configure:7814: $? = 1
configure: failed program was:
| /* confdefs.h.  */
| #define PACKAGE_NAME "w3m"
| #define PACKAGE_TARNAME "w3m"
| #define PACKAGE_VERSION "0.5.2"
| #define PACKAGE_STRING "w3m 0.5.2"
| #define PACKAGE_BUGREPORT "satodai@w3m.jp"
| #define PACKAGE "w3m"
| #define VERSION "0.5.2"
| #define W3M w3m
| #define W3M_TARGET 
| #define USE_M17N 1
| #define USE_UNICODE 1
| #define W3M_LANG EN
| #define WCTARGET "libwc/libwc.a"
| #define WCCFLAGS "-DUSE_UNICODE -I$(srcdir) -I$(srcdir)/.."
| #define DISPLAY_CHARSET WC_CES_UTF_8
| #define SYSTEM_CHARSET WC_CES_UTF_8
| #define DOCUMENT_CHARSET WC_CES_UTF_8
| #define HAVE_ICONV 1
| #define USE_COLOR 1
| #define USE_ANSI_COLOR 1
| #define USE_BG_COLOR 1
| #define INSTALL_W3MIMGDISPLAY $INSTALL_W3MIMGDISPLAY
| #define USE_IMAGE 1
| #define IMGTARGETS "$IMGTARGETS"
| #define IMGOBJS "$IMGOBJS"
| #define IMGX11CFLAGS "$IMGX11CFLAGS"
| #define IMGX11LDFLAGS "$IMGX11LDFLAGS"
| #define IMGFBCFLAGS "$IMGFBCFLAGS"
| #define IMGFBLDFLAGS "$IMGLDFLAGS"
| #define USE_XFACE 1
| #define HELP_FILE "w3mhelp-w3m_en.html"
| #define KEYBIND w3m
| #define USE_MENU 1
| #define USE_MOUSE 1
| #define USE_HISTORY 1
| #define USE_ALARM 1
| #define USE_COOKIE 1
| #define USE_NNTP 1
| #define USE_DICT 1
| #define USE_HELP_CGI 1
| #define USE_EXTERNAL_URI_LOADER 1
| #define USE_W3MMAILER 1
| #define DEF_MIGEMO_COMMAND "migemo -t egrep /usr/local/share/migemo/migemo-dict"
| #define DEF_EDITOR "/usr/bin/vi"
| #define DEF_MAILER "/usr/bin/mail"
| #define DEF_EXT_BROWSER "/usr/bin/mozilla"
| #define INET6 1
| #define USE_SSL 1
| #define USE_SSL_VERIFY 1
| #define USE_DIGEST_AUTH 1
| #define STDC_HEADERS 1
| #define HAVE_SYS_TYPES_H 1
| #define HAVE_SYS_STAT_H 1
| #define HAVE_STDLIB_H 1
| #define HAVE_STRING_H 1
| #define HAVE_MEMORY_H 1
| #define HAVE_STRINGS_H 1
| #define HAVE_INTTYPES_H 1
| #define HAVE_STDINT_H 1
| #define HAVE_UNISTD_H 1
| /* end confdefs.h.  */
| #include <gc.h>
configure:7828: result: no
configure:7861: checking for gc.h
configure:7868: result: no
configure:7739: checking /usr/local/include/gc
configure:7752: checking gc.h usability
configure:7769: gcc -c -g -O2 -I$(srcdir)/libwc  -I/usr/include/openssl  -I/usr/local/include/gc conftest.c >&5
conftest.c:96:16: error: gc.h: No such file or directory
configure:7775: $? = 1
configure: failed program was:
| /* confdefs.h.  */
| #define PACKAGE_NAME "w3m"
| #define PACKAGE_TARNAME "w3m"
| #define PACKAGE_VERSION "0.5.2"
| #define PACKAGE_STRING "w3m 0.5.2"
| #define PACKAGE_BUGREPORT "satodai@w3m.jp"
| #define PACKAGE "w3m"
| #define VERSION "0.5.2"
| #define W3M w3m
| #define W3M_TARGET 
| #define USE_M17N 1
| #define USE_UNICODE 1
| #define W3M_LANG EN
| #define WCTARGET "libwc/libwc.a"
| #define WCCFLAGS "-DUSE_UNICODE -I$(srcdir) -I$(srcdir)/.."
| #define DISPLAY_CHARSET WC_CES_UTF_8
| #define SYSTEM_CHARSET WC_CES_UTF_8
| #define DOCUMENT_CHARSET WC_CES_UTF_8
| #define HAVE_ICONV 1
| #define USE_COLOR 1
| #define USE_ANSI_COLOR 1
| #define USE_BG_COLOR 1
| #define INSTALL_W3MIMGDISPLAY $INSTALL_W3MIMGDISPLAY
| #define USE_IMAGE 1
| #define IMGTARGETS "$IMGTARGETS"
| #define IMGOBJS "$IMGOBJS"
| #define IMGX11CFLAGS "$IMGX11CFLAGS"
| #define IMGX11LDFLAGS "$IMGX11LDFLAGS"
| #define IMGFBCFLAGS "$IMGFBCFLAGS"
| #define IMGFBLDFLAGS "$IMGLDFLAGS"
| #define USE_XFACE 1
| #define HELP_FILE "w3mhelp-w3m_en.html"
| #define KEYBIND w3m
| #define USE_MENU 1
| #define USE_MOUSE 1
| #define USE_HISTORY 1
| #define USE_ALARM 1
| #define USE_COOKIE 1
| #define USE_NNTP 1
| #define USE_DICT 1
| #define USE_HELP_CGI 1
| #define USE_EXTERNAL_URI_LOADER 1
| #define USE_W3MMAILER 1
| #define DEF_MIGEMO_COMMAND "migemo -t egrep /usr/local/share/migemo/migemo-dict"
| #define DEF_EDITOR "/usr/bin/vi"
| #define DEF_MAILER "/usr/bin/mail"
| #define DEF_EXT_BROWSER "/usr/bin/mozilla"
| #define INET6 1
| #define USE_SSL 1
| #define USE_SSL_VERIFY 1
| #define USE_DIGEST_AUTH 1
| #define STDC_HEADERS 1
| #define HAVE_SYS_TYPES_H 1
| #define HAVE_SYS_STAT_H 1
| #define HAVE_STDLIB_H 1
| #define HAVE_STRING_H 1
| #define HAVE_MEMORY_H 1
| #define HAVE_STRINGS_H 1
| #define HAVE_INTTYPES_H 1
| #define HAVE_STDINT_H 1
| #define HAVE_UNISTD_H 1
| /* end confdefs.h.  */
| #include <stdio.h>
| #ifdef HAVE_SYS_TYPES_H
| # include <sys/types.h>
| #endif
| #ifdef HAVE_SYS_STAT_H
| # include <sys/stat.h>
| #endif
| #ifdef STDC_HEADERS
| # include <stdlib.h>
| # include <stddef.h>
| #else
| # ifdef HAVE_STDLIB_H
| #  include <stdlib.h>
| # endif
| #endif
| #ifdef HAVE_STRING_H
| # if !defined STDC_HEADERS && defined HAVE_MEMORY_H
| #  include <memory.h>
| # endif
| # include <string.h>
| #endif
| #ifdef HAVE_STRINGS_H
| # include <strings.h>
| #endif
| #ifdef HAVE_INTTYPES_H
| # include <inttypes.h>
| #endif
| #ifdef HAVE_STDINT_H
| # include <stdint.h>
| #endif
| #ifdef HAVE_UNISTD_H
| # include <unistd.h>
| #endif
| #include <gc.h>
configure:7789: result: no
configure:7793: checking gc.h presence
configure:7808: gcc -E  -I/usr/local/include/gc conftest.c
conftest.c:63:16: error: gc.h: No such file or directory
configure:7814: $? = 1
configure: failed program was:
| /* confdefs.h.  */
| #define PACKAGE_NAME "w3m"
| #define PACKAGE_TARNAME "w3m"
| #define PACKAGE_VERSION "0.5.2"
| #define PACKAGE_STRING "w3m 0.5.2"
| #define PACKAGE_BUGREPORT "satodai@w3m.jp"
| #define PACKAGE "w3m"
| #define VERSION "0.5.2"
| #define W3M w3m
| #define W3M_TARGET 
| #define USE_M17N 1
| #define USE_UNICODE 1
| #define W3M_LANG EN
| #define WCTARGET "libwc/libwc.a"
| #define WCCFLAGS "-DUSE_UNICODE -I$(srcdir) -I$(srcdir)/.."
| #define DISPLAY_CHARSET WC_CES_UTF_8
| #define SYSTEM_CHARSET WC_CES_UTF_8
| #define DOCUMENT_CHARSET WC_CES_UTF_8
| #define HAVE_ICONV 1
| #define USE_COLOR 1
| #define USE_ANSI_COLOR 1
| #define USE_BG_COLOR 1
| #define INSTALL_W3MIMGDISPLAY $INSTALL_W3MIMGDISPLAY
| #define USE_IMAGE 1
| #define IMGTARGETS "$IMGTARGETS"
| #define IMGOBJS "$IMGOBJS"
| #define IMGX11CFLAGS "$IMGX11CFLAGS"
| #define IMGX11LDFLAGS "$IMGX11LDFLAGS"
| #define IMGFBCFLAGS "$IMGFBCFLAGS"
| #define IMGFBLDFLAGS "$IMGLDFLAGS"
| #define USE_XFACE 1
| #define HELP_FILE "w3mhelp-w3m_en.html"
| #define KEYBIND w3m
| #define USE_MENU 1
| #define USE_MOUSE 1
| #define USE_HISTORY 1
| #define USE_ALARM 1
| #define USE_COOKIE 1
| #define USE_NNTP 1
| #define USE_DICT 1
| #define USE_HELP_CGI 1
| #define USE_EXTERNAL_URI_LOADER 1
| #define USE_W3MMAILER 1
| #define DEF_MIGEMO_COMMAND "migemo -t egrep /usr/local/share/migemo/migemo-dict"
| #define DEF_EDITOR "/usr/bin/vi"
| #define DEF_MAILER "/usr/bin/mail"
| #define DEF_EXT_BROWSER "/usr/bin/mozilla"
| #define INET6 1
| #define USE_SSL 1
| #define USE_SSL_VERIFY 1
| #define USE_DIGEST_AUTH 1
| #define STDC_HEADERS 1
| #define HAVE_SYS_TYPES_H 1
| #define HAVE_SYS_STAT_H 1
| #define HAVE_STDLIB_H 1
| #define HAVE_STRING_H 1
| #define HAVE_MEMORY_H 1
| #define HAVE_STRINGS_H 1
| #define HAVE_INTTYPES_H 1
| #define HAVE_STDINT_H 1
| #define HAVE_UNISTD_H 1
| /* end confdefs.h.  */
| #include <gc.h>
configure:7828: result: no
configure:7861: checking for gc.h
configure:7868: result: no
configure:7739: checking /Users/david/include
configure:7752: checking gc.h usability
configure:7769: gcc -c -g -O2 -I$(srcdir)/libwc  -I/usr/include/openssl  -I/Users/david/include conftest.c >&5
conftest.c:96:16: error: gc.h: No such file or directory
configure:7775: $? = 1
configure: failed program was:
| /* confdefs.h.  */
| #define PACKAGE_NAME "w3m"
| #define PACKAGE_TARNAME "w3m"
| #define PACKAGE_VERSION "0.5.2"
| #define PACKAGE_STRING "w3m 0.5.2"
| #define PACKAGE_BUGREPORT "satodai@w3m.jp"
| #define PACKAGE "w3m"
| #define VERSION "0.5.2"
| #define W3M w3m
| #define W3M_TARGET 
| #define USE_M17N 1
| #define USE_UNICODE 1
| #define W3M_LANG EN
| #define WCTARGET "libwc/libwc.a"
| #define WCCFLAGS "-DUSE_UNICODE -I$(srcdir) -I$(srcdir)/.."
| #define DISPLAY_CHARSET WC_CES_UTF_8
| #define SYSTEM_CHARSET WC_CES_UTF_8
| #define DOCUMENT_CHARSET WC_CES_UTF_8
| #define HAVE_ICONV 1
| #define USE_COLOR 1
| #define USE_ANSI_COLOR 1
| #define USE_BG_COLOR 1
| #define INSTALL_W3MIMGDISPLAY $INSTALL_W3MIMGDISPLAY
| #define USE_IMAGE 1
| #define IMGTARGETS "$IMGTARGETS"
| #define IMGOBJS "$IMGOBJS"
| #define IMGX11CFLAGS "$IMGX11CFLAGS"
| #define IMGX11LDFLAGS "$IMGX11LDFLAGS"
| #define IMGFBCFLAGS "$IMGFBCFLAGS"
| #define IMGFBLDFLAGS "$IMGLDFLAGS"
| #define USE_XFACE 1
| #define HELP_FILE "w3mhelp-w3m_en.html"
| #define KEYBIND w3m
| #define USE_MENU 1
| #define USE_MOUSE 1
| #define USE_HISTORY 1
| #define USE_ALARM 1
| #define USE_COOKIE 1
| #define USE_NNTP 1
| #define USE_DICT 1
| #define USE_HELP_CGI 1
| #define USE_EXTERNAL_URI_LOADER 1
| #define USE_W3MMAILER 1
| #define DEF_MIGEMO_COMMAND "migemo -t egrep /usr/local/share/migemo/migemo-dict"
| #define DEF_EDITOR "/usr/bin/vi"
| #define DEF_MAILER "/usr/bin/mail"
| #define DEF_EXT_BROWSER "/usr/bin/mozilla"
| #define INET6 1
| #define USE_SSL 1
| #define USE_SSL_VERIFY 1
| #define USE_DIGEST_AUTH 1
| #define STDC_HEADERS 1
| #define HAVE_SYS_TYPES_H 1
| #define HAVE_SYS_STAT_H 1
| #define HAVE_STDLIB_H 1
| #define HAVE_STRING_H 1
| #define HAVE_MEMORY_H 1
| #define HAVE_STRINGS_H 1
| #define HAVE_INTTYPES_H 1
| #define HAVE_STDINT_H 1
| #define HAVE_UNISTD_H 1
| /* end confdefs.h.  */
| #include <stdio.h>
| #ifdef HAVE_SYS_TYPES_H
| # include <sys/types.h>
| #endif
| #ifdef HAVE_SYS_STAT_H
| # include <sys/stat.h>
| #endif
| #ifdef STDC_HEADERS
| # include <stdlib.h>
| # include <stddef.h>
| #else
| # ifdef HAVE_STDLIB_H
| #  include <stdlib.h>
| # endif
| #endif
| #ifdef HAVE_STRING_H
| # if !defined STDC_HEADERS && defined HAVE_MEMORY_H
| #  include <memory.h>
| # endif
| # include <string.h>
| #endif
| #ifdef HAVE_STRINGS_H
| # include <strings.h>
| #endif
| #ifdef HAVE_INTTYPES_H
| # include <inttypes.h>
| #endif
| #ifdef HAVE_STDINT_H
| # include <stdint.h>
| #endif
| #ifdef HAVE_UNISTD_H
| # include <unistd.h>
| #endif
| #include <gc.h>
configure:7789: result: no
configure:7793: checking gc.h presence
configure:7808: gcc -E  -I/Users/david/include conftest.c
conftest.c:63:16: error: gc.h: No such file or directory
configure:7814: $? = 1
configure: failed program was:
| /* confdefs.h.  */
| #define PACKAGE_NAME "w3m"
| #define PACKAGE_TARNAME "w3m"
| #define PACKAGE_VERSION "0.5.2"
| #define PACKAGE_STRING "w3m 0.5.2"
| #define PACKAGE_BUGREPORT "satodai@w3m.jp"
| #define PACKAGE "w3m"
| #define VERSION "0.5.2"
| #define W3M w3m
| #define W3M_TARGET 
| #define USE_M17N 1
| #define USE_UNICODE 1
| #define W3M_LANG EN
| #define WCTARGET "libwc/libwc.a"
| #define WCCFLAGS "-DUSE_UNICODE -I$(srcdir) -I$(srcdir)/.."
| #define DISPLAY_CHARSET WC_CES_UTF_8
| #define SYSTEM_CHARSET WC_CES_UTF_8
| #define DOCUMENT_CHARSET WC_CES_UTF_8
| #define HAVE_ICONV 1
| #define USE_COLOR 1
| #define USE_ANSI_COLOR 1
| #define USE_BG_COLOR 1
| #define INSTALL_W3MIMGDISPLAY $INSTALL_W3MIMGDISPLAY
| #define USE_IMAGE 1
| #define IMGTARGETS "$IMGTARGETS"
| #define IMGOBJS "$IMGOBJS"
| #define IMGX11CFLAGS "$IMGX11CFLAGS"
| #define IMGX11LDFLAGS "$IMGX11LDFLAGS"
| #define IMGFBCFLAGS "$IMGFBCFLAGS"
| #define IMGFBLDFLAGS "$IMGLDFLAGS"
| #define USE_XFACE 1
| #define HELP_FILE "w3mhelp-w3m_en.html"
| #define KEYBIND w3m
| #define USE_MENU 1
| #define USE_MOUSE 1
| #define USE_HISTORY 1
| #define USE_ALARM 1
| #define USE_COOKIE 1
| #define USE_NNTP 1
| #define USE_DICT 1
| #define USE_HELP_CGI 1
| #define USE_EXTERNAL_URI_LOADER 1
| #define USE_W3MMAILER 1
| #define DEF_MIGEMO_COMMAND "migemo -t egrep /usr/local/share/migemo/migemo-dict"
| #define DEF_EDITOR "/usr/bin/vi"
| #define DEF_MAILER "/usr/bin/mail"
| #define DEF_EXT_BROWSER "/usr/bin/mozilla"
| #define INET6 1
| #define USE_SSL 1
| #define USE_SSL_VERIFY 1
| #define USE_DIGEST_AUTH 1
| #define STDC_HEADERS 1
| #define HAVE_SYS_TYPES_H 1
| #define HAVE_SYS_STAT_H 1
| #define HAVE_STDLIB_H 1
| #define HAVE_STRING_H 1
| #define HAVE_MEMORY_H 1
| #define HAVE_STRINGS_H 1
| #define HAVE_INTTYPES_H 1
| #define HAVE_STDINT_H 1
| #define HAVE_UNISTD_H 1
| /* end confdefs.h.  */
| #include <gc.h>
configure:7828: result: no
configure:7861: checking for gc.h
configure:7868: result: no
configure:7739: checking /Users/david/include/gc
configure:7752: checking gc.h usability
configure:7769: gcc -c -g -O2 -I$(srcdir)/libwc  -I/usr/include/openssl  -I/Users/david/include/gc conftest.c >&5
conftest.c:96:16: error: gc.h: No such file or directory
configure:7775: $? = 1
configure: failed program was:
| /* confdefs.h.  */
| #define PACKAGE_NAME "w3m"
| #define PACKAGE_TARNAME "w3m"
| #define PACKAGE_VERSION "0.5.2"
| #define PACKAGE_STRING "w3m 0.5.2"
| #define PACKAGE_BUGREPORT "satodai@w3m.jp"
| #define PACKAGE "w3m"
| #define VERSION "0.5.2"
| #define W3M w3m
| #define W3M_TARGET 
| #define USE_M17N 1
| #define USE_UNICODE 1
| #define W3M_LANG EN
| #define WCTARGET "libwc/libwc.a"
| #define WCCFLAGS "-DUSE_UNICODE -I$(srcdir) -I$(srcdir)/.."
| #define DISPLAY_CHARSET WC_CES_UTF_8
| #define SYSTEM_CHARSET WC_CES_UTF_8
| #define DOCUMENT_CHARSET WC_CES_UTF_8
| #define HAVE_ICONV 1
| #define USE_COLOR 1
| #define USE_ANSI_COLOR 1
| #define USE_BG_COLOR 1
| #define INSTALL_W3MIMGDISPLAY $INSTALL_W3MIMGDISPLAY
| #define USE_IMAGE 1
| #define IMGTARGETS "$IMGTARGETS"
| #define IMGOBJS "$IMGOBJS"
| #define IMGX11CFLAGS "$IMGX11CFLAGS"
| #define IMGX11LDFLAGS "$IMGX11LDFLAGS"
| #define IMGFBCFLAGS "$IMGFBCFLAGS"
| #define IMGFBLDFLAGS "$IMGLDFLAGS"
| #define USE_XFACE 1
| #define HELP_FILE "w3mhelp-w3m_en.html"
| #define KEYBIND w3m
| #define USE_MENU 1
| #define USE_MOUSE 1
| #define USE_HISTORY 1
| #define USE_ALARM 1
| #define USE_COOKIE 1
| #define USE_NNTP 1
| #define USE_DICT 1
| #define USE_HELP_CGI 1
| #define USE_EXTERNAL_URI_LOADER 1
| #define USE_W3MMAILER 1
| #define DEF_MIGEMO_COMMAND "migemo -t egrep /usr/local/share/migemo/migemo-dict"
| #define DEF_EDITOR "/usr/bin/vi"
| #define DEF_MAILER "/usr/bin/mail"
| #define DEF_EXT_BROWSER "/usr/bin/mozilla"
| #define INET6 1
| #define USE_SSL 1
| #define USE_SSL_VERIFY 1
| #define USE_DIGEST_AUTH 1
| #define STDC_HEADERS 1
| #define HAVE_SYS_TYPES_H 1
| #define HAVE_SYS_STAT_H 1
| #define HAVE_STDLIB_H 1
| #define HAVE_STRING_H 1
| #define HAVE_MEMORY_H 1
| #define HAVE_STRINGS_H 1
| #define HAVE_INTTYPES_H 1
| #define HAVE_STDINT_H 1
| #define HAVE_UNISTD_H 1
| /* end confdefs.h.  */
| #include <stdio.h>
| #ifdef HAVE_SYS_TYPES_H
| # include <sys/types.h>
| #endif
| #ifdef HAVE_SYS_STAT_H
| # include <sys/stat.h>
| #endif
| #ifdef STDC_HEADERS
| # include <stdlib.h>
| # include <stddef.h>
| #else
| # ifdef HAVE_STDLIB_H
| #  include <stdlib.h>
| # endif
| #endif
| #ifdef HAVE_STRING_H
| # if !defined STDC_HEADERS && defined HAVE_MEMORY_H
| #  include <memory.h>
| # endif
| # include <string.h>
| #endif
| #ifdef HAVE_STRINGS_H
| # include <strings.h>
| #endif
| #ifdef HAVE_INTTYPES_H
| # include <inttypes.h>
| #endif
| #ifdef HAVE_STDINT_H
| # include <stdint.h>
| #endif
| #ifdef HAVE_UNISTD_H
| # include <unistd.h>
| #endif
| #include <gc.h>
configure:7789: result: no
configure:7793: checking gc.h presence
configure:7808: gcc -E  -I/Users/david/include/gc conftest.c
conftest.c:63:16: error: gc.h: No such file or directory
configure:7814: $? = 1
configure: failed program was:
| /* confdefs.h.  */
| #define PACKAGE_NAME "w3m"
| #define PACKAGE_TARNAME "w3m"
| #define PACKAGE_VERSION "0.5.2"
| #define PACKAGE_STRING "w3m 0.5.2"
| #define PACKAGE_BUGREPORT "satodai@w3m.jp"
| #define PACKAGE "w3m"
| #define VERSION "0.5.2"
| #define W3M w3m
| #define W3M_TARGET 
| #define USE_M17N 1
| #define USE_UNICODE 1
| #define W3M_LANG EN
| #define WCTARGET "libwc/libwc.a"
| #define WCCFLAGS "-DUSE_UNICODE -I$(srcdir) -I$(srcdir)/.."
| #define DISPLAY_CHARSET WC_CES_UTF_8
| #define SYSTEM_CHARSET WC_CES_UTF_8
| #define DOCUMENT_CHARSET WC_CES_UTF_8
| #define HAVE_ICONV 1
| #define USE_COLOR 1
| #define USE_ANSI_COLOR 1
| #define USE_BG_COLOR 1
| #define INSTALL_W3MIMGDISPLAY $INSTALL_W3MIMGDISPLAY
| #define USE_IMAGE 1
| #define IMGTARGETS "$IMGTARGETS"
| #define IMGOBJS "$IMGOBJS"
| #define IMGX11CFLAGS "$IMGX11CFLAGS"
| #define IMGX11LDFLAGS "$IMGX11LDFLAGS"
| #define IMGFBCFLAGS "$IMGFBCFLAGS"
| #define IMGFBLDFLAGS "$IMGLDFLAGS"
| #define USE_XFACE 1
| #define HELP_FILE "w3mhelp-w3m_en.html"
| #define KEYBIND w3m
| #define USE_MENU 1
| #define USE_MOUSE 1
| #define USE_HISTORY 1
| #define USE_ALARM 1
| #define USE_COOKIE 1
| #define USE_NNTP 1
| #define USE_DICT 1
| #define USE_HELP_CGI 1
| #define USE_EXTERNAL_URI_LOADER 1
| #define USE_W3MMAILER 1
| #define DEF_MIGEMO_COMMAND "migemo -t egrep /usr/local/share/migemo/migemo-dict"
| #define DEF_EDITOR "/usr/bin/vi"
| #define DEF_MAILER "/usr/bin/mail"
| #define DEF_EXT_BROWSER "/usr/bin/mozilla"
| #define INET6 1
| #define USE_SSL 1
| #define USE_SSL_VERIFY 1
| #define USE_DIGEST_AUTH 1
| #define STDC_HEADERS 1
| #define HAVE_SYS_TYPES_H 1
| #define HAVE_SYS_STAT_H 1
| #define HAVE_STDLIB_H 1
| #define HAVE_STRING_H 1
| #define HAVE_MEMORY_H 1
| #define HAVE_STRINGS_H 1
| #define HAVE_INTTYPES_H 1
| #define HAVE_STDINT_H 1
| #define HAVE_UNISTD_H 1
| /* end confdefs.h.  */
| #include <gc.h>
configure:7828: result: no
configure:7861: checking for gc.h
configure:7868: result: no
configure:7884: error: gc.h not found

## ---------------- ##
## Cache variables. ##
## ---------------- ##

ac_cv_build=i686-apple-darwin9.6.0
ac_cv_c_compiler_gnu=yes
ac_cv_env_CC_set=
ac_cv_env_CC_value=
ac_cv_env_CFLAGS_set=
ac_cv_env_CFLAGS_value=
ac_cv_env_CPPFLAGS_set=
ac_cv_env_CPPFLAGS_value=
ac_cv_env_CPP_set=
ac_cv_env_CPP_value=
ac_cv_env_LDFLAGS_set=
ac_cv_env_LDFLAGS_value=
ac_cv_env_LIBS_set=
ac_cv_env_LIBS_value=
ac_cv_env_build_alias_set=
ac_cv_env_build_alias_value=
ac_cv_env_host_alias_set=
ac_cv_env_host_alias_value=
ac_cv_env_target_alias_set=
ac_cv_env_target_alias_value=
ac_cv_func_getaddrinfo=yes
ac_cv_func_sqrt=yes
ac_cv_header_gc_h=no
ac_cv_header_inttypes_h=yes
ac_cv_header_memory_h=yes
ac_cv_header_stdc=yes
ac_cv_header_stdint_h=yes
ac_cv_header_stdlib_h=yes
ac_cv_header_string_h=yes
ac_cv_header_strings_h=yes
ac_cv_header_sys_stat_h=yes
ac_cv_header_sys_types_h=yes
ac_cv_header_unistd_h=yes
ac_cv_host=i686-apple-darwin9.6.0
ac_cv_lib_gpm_Gpm_Open=no
ac_cv_lib_mytinfo___tgetent=no
ac_cv_lib_ssl_SSL_new=yes
ac_cv_lib_termcap___tgetent=yes
ac_cv_lib_terminfo___tgetent=no
ac_cv_lib_termlib___tgetent=no
ac_cv_objext=o
ac_cv_path_EGREP='/usr/bin/grep -E'
ac_cv_path_GMSGFMT=/opt/local/bin/msgfmt
ac_cv_path_GREP=/usr/bin/grep
ac_cv_path_MAN=/usr/bin/man
ac_cv_path_MSGFMT=/opt/local/bin/msgfmt
ac_cv_path_MSGMERGE=/opt/local/bin/msgmerge
ac_cv_path_PERL=/usr/bin/perl
ac_cv_path_XGETTEXT=/opt/local/bin/xgettext
ac_cv_path_install='/usr/bin/install -c'
ac_cv_prog_AWK=awk
ac_cv_prog_CPP='gcc -E'
ac_cv_prog_ac_ct_CC=gcc
ac_cv_prog_ac_ct_RANLIB=ranlib
ac_cv_prog_cc_c89=
ac_cv_prog_cc_g=yes
ac_cv_prog_make_make_set=yes
ac_cv_prog_uncompface=no
acl_cv_hardcode_direct=no
acl_cv_hardcode_libdir_flag_spec=
acl_cv_hardcode_libdir_separator=
acl_cv_hardcode_minus_L=no
acl_cv_libext=a
acl_cv_path_LD=/usr/libexec/gcc/i686-apple-darwin9/4.0.1/ld
acl_cv_prog_gnu_ld=no
acl_cv_rpath=done
acl_cv_shlibext=dylib
acl_cv_wl=-Wl,
am_cv_func_iconv=yes
am_cv_lib_iconv=yes
gt_cv_func_gnugettext1_libc=no
gt_cv_func_gnugettext1_libintl=no

## ----------------- ##
## Output variables. ##
## ----------------- ##

AUXBIN_TARGETS=' w3mimgdisplay$(EXT)'
AWK='awk'
CC='gcc'
CFLAGS='-g -O2 -I$(srcdir)/libwc  -I/usr/include/openssl'
CPP='gcc -E'
CPPFLAGS=''
CURRENT_VERSION=''
DEFS=''
DEF_EDITOR=''
DEF_EXT_BROWSER=''
DEF_MAILER=''
DEF_MIGEMO_COMMAND=''
DISPLAY_CHARSET=''
DOCDIRS=''
DOCUMENT_CHARSET=''
ECHO_C=''
ECHO_N='-n'
ECHO_T=''
EGREP='/usr/bin/grep -E'
EXEEXT=''
GMSGFMT='/opt/local/bin/msgfmt'
GREP='/usr/bin/grep'
HAVE_OLD_SS_FAMILY=''
HAVE_SIGSETJMP=''
HAVE_SYS_ERRLIST=''
HELP_DIR=''
HELP_FILE='w3mhelp-w3m_en.html'
IMGFBCFLAGS=''
IMGFBLDFLAGS=''
IMGOBJS='w3mimg.o'
IMGTARGETS=''
IMGX11CFLAGS=''
IMGX11LDFLAGS=''
INET6=''
INSTALL_DATA='${INSTALL} -m 644'
INSTALL_PROGRAM='${INSTALL}'
INSTALL_SCRIPT='${INSTALL}'
INSTALL_W3MIMGDISPLAY='${INSTALL_PROGRAM}'
INTLLIBS=''
INTLTARGET=''
KEYBIND=''
KEYMAP_FILE='keybind'
LDFLAGS=''
LIBGC=''
LIBICONV='-liconv'
LIBINTL=''
LIBOBJS=''
LIBS=''
LN_S='ln -s'
LTLIBICONV='-liconv'
LTLIBINTL=''
LTLIBOBJS=''
MAN='/usr/bin/man'
MKINSTALLDIRS='$(top_builddir)/./mkinstalldirs'
MSGFMT='/opt/local/bin/msgfmt'
MSGMERGE='/opt/local/bin/msgmerge'
NKF='/usr/local/bin/nkf'
NLSTARGET=''
OBJEXT='o'
PACKAGE='w3m'
PACKAGE_BUGREPORT='satodai@w3m.jp'
PACKAGE_NAME='w3m'
PACKAGE_STRING='w3m 0.5.2'
PACKAGE_TARNAME='w3m'
PACKAGE_VERSION='0.5.2'
PATH_SEPARATOR=':'
PERL='/usr/bin/perl'
PKG_CONFIG='pkg-config'
POLANG=''
POSUB=''
POSUBST=''
RANLIB='ranlib'
RC_DIR=''
RETSIGTYPE=''
SET_MAKE=''
SHELL='/bin/sh'
SIGNAL_RETURN=''
SSL_CFLAGS=' -I/usr/include/openssl'
SSL_LIBS=''
SYSTEM_CHARSET=''
USE_ALARM=''
USE_ANSI_COLOR=''
USE_BG_COLOR=''
USE_BINMODE_STREAM=''
USE_COLOR=''
USE_COOKIE=''
USE_DICT=''
USE_DIGEST_AUTH=''
USE_EXTERNAL_URI_LOADER=''
USE_GDKPIXBUF=''
USE_GOPHER=''
USE_GTK2=''
USE_HELP_CGI=''
USE_HISTORY=''
USE_IMAGE=''
USE_IMLIB2=''
USE_IMLIB=''
USE_M17N=''
USE_MENU=''
USE_MIGEMO=''
USE_MOUSE=''
USE_NLS='no'
USE_NNTP=''
USE_SSL=''
USE_SSL_VERIFY=''
USE_SYSMOUSE=''
USE_UNICODE=''
USE_W3M=''
USE_W3MIMG_FB=''
USE_W3MIMG_X11=''
USE_W3MMAILER=''
USE_XFACE=''
VERSION='0.5.2'
W3M='w3m'
W3MIMGDISPLAY_SETUID=''
W3M_LANG='EN'
W3M_LIBS=' -L./libwc -lwc  -lssl -lcrypto -ltermcap'
W3M_TARGET=''
WCCFLAGS='-DUSE_UNICODE -I$(srcdir) -I$(srcdir)/..'
WCTARGET='libwc/libwc.a'
XGETTEXT='/opt/local/bin/xgettext'
ac_ct_CC='gcc'
bindir='${exec_prefix}/bin'
build='i686-apple-darwin9.6.0'
build_alias=''
build_cpu='i686'
build_os='darwin9.6.0'
build_vendor='apple'
datadir='${datarootdir}'
datarootdir='${prefix}/share'
docdir='${datarootdir}/doc/${PACKAGE_TARNAME}'
dvidir='${docdir}'
exec_prefix='NONE'
host='i686-apple-darwin9.6.0'
host_alias=''
host_cpu='i686'
host_os='darwin9.6.0'
host_vendor='apple'
htmldir='${docdir}'
includedir='${prefix}/include'
infodir='${datarootdir}/info'
libdir='${exec_prefix}/lib'
libexecdir='${exec_prefix}/libexec'
localedir='${datarootdir}/locale'
localstatedir='${prefix}/var'
mandir='${datarootdir}/man'
oldincludedir='/usr/include'
pdfdir='${docdir}'
prefix='NONE'
program_transform_name='s,x,x,'
psdir='${docdir}'
sbindir='${exec_prefix}/sbin'
sharedstatedir='${prefix}/com'
sysconfdir='${prefix}/etc'
target_alias=''
uncompface='no'

## ----------- ##
## confdefs.h. ##
## ----------- ##

#define PACKAGE_NAME "w3m"
#define PACKAGE_TARNAME "w3m"
#define PACKAGE_VERSION "0.5.2"
#define PACKAGE_STRING "w3m 0.5.2"
#define PACKAGE_BUGREPORT "satodai@w3m.jp"
#define PACKAGE "w3m"
#define VERSION "0.5.2"
#define W3M w3m
#define W3M_TARGET 
#define USE_M17N 1
#define USE_UNICODE 1
#define W3M_LANG EN
#define WCTARGET "libwc/libwc.a"
#define WCCFLAGS "-DUSE_UNICODE -I$(srcdir) -I$(srcdir)/.."
#define DISPLAY_CHARSET WC_CES_UTF_8
#define SYSTEM_CHARSET WC_CES_UTF_8
#define DOCUMENT_CHARSET WC_CES_UTF_8
#define HAVE_ICONV 1
#define USE_COLOR 1
#define USE_ANSI_COLOR 1
#define USE_BG_COLOR 1
#define INSTALL_W3MIMGDISPLAY $INSTALL_W3MIMGDISPLAY
#define USE_IMAGE 1
#define IMGTARGETS "$IMGTARGETS"
#define IMGOBJS "$IMGOBJS"
#define IMGX11CFLAGS "$IMGX11CFLAGS"
#define IMGX11LDFLAGS "$IMGX11LDFLAGS"
#define IMGFBCFLAGS "$IMGFBCFLAGS"
#define IMGFBLDFLAGS "$IMGLDFLAGS"
#define USE_XFACE 1
#define HELP_FILE "w3mhelp-w3m_en.html"
#define KEYBIND w3m
#define USE_MENU 1
#define USE_MOUSE 1
#define USE_HISTORY 1
#define USE_ALARM 1
#define USE_COOKIE 1
#define USE_NNTP 1
#define USE_DICT 1
#define USE_HELP_CGI 1
#define USE_EXTERNAL_URI_LOADER 1
#define USE_W3MMAILER 1
#define DEF_MIGEMO_COMMAND "migemo -t egrep /usr/local/share/migemo/migemo-dict"
#define DEF_EDITOR "/usr/bin/vi"
#define DEF_MAILER "/usr/bin/mail"
#define DEF_EXT_BROWSER "/usr/bin/mozilla"
#define INET6 1
#define USE_SSL 1
#define USE_SSL_VERIFY 1
#define USE_DIGEST_AUTH 1
#define STDC_HEADERS 1
#define HAVE_SYS_TYPES_H 1
#define HAVE_SYS_STAT_H 1
#define HAVE_STDLIB_H 1
#define HAVE_STRING_H 1
#define HAVE_MEMORY_H 1
#define HAVE_STRINGS_H 1
#define HAVE_INTTYPES_H 1
#define HAVE_STDINT_H 1
#define HAVE_UNISTD_H 1

configure: exit 1
